header: 
  seq: 64996
  stamp: 
    secs: 0
    nsecs:         0
  frame_id: ''
drive: 
  steering_angle: 0.0
  steering_angle_velocity: 0.0
  speed: 2.0
  acceleration: 0.0
  jerk: 0.0
header: 
  seq: 64997
  stamp: 
    secs: 0
    nsecs:         0
  frame_id: ''
drive: 
  steering_angle: 0.0
  steering_angle_velocity: 0.0
  speed: 2.0
  acceleration: 0.0
  jerk: 0.0
header: 
  seq: 64998
  stamp: 
    secs: 0
    nsecs:         0
  frame_id: ''
drive: 
  steering_angle: 0.0
  steering_angle_velocity: 0.0
  speed: 2.0
  acceleration: 0.0
  jerk: 0.0
header: 
  seq: 64999
  stamp: 
    secs: 0
    nsecs:         0
  frame_id: ''
drive: 
  steering_angle: 0.0
  steering_angle_velocity: 0.0
  speed: 2.0
  acceleration: 0.0
  jerk: 0.0
header: 
  seq: 65000
  stamp: 
    secs: 0
    nsecs:         0
  frame_id: ''
drive: 
  steering_angle: 0.0
  steering_angle_velocity: 0.0
  speed: 2.0
  acceleration: 0.0
  jerk: 0.0
header: 
  seq: 65001
  stamp: 
    secs: 0
    nsecs:         0
  frame_id: ''
drive: 
  steering_angle: 0.0
  steering_angle_velocity: 0.0
  speed: 2.0
  acceleration: 0.0
  jerk: 0.0
header: 
  seq: 65002
  stamp: 
    secs: 0
    nsecs:         0
  frame_id: ''
drive: 
  steering_angle: 0.0
  steering_angle_velocity: 0.0
  speed: 2.0
  acceleration: 0.0
  jerk: 0.0
header: 
  seq: 65003
  stamp: 
    secs: 0
    nsecs:         0
  frame_id: ''
drive: 
  steering_angle: 0.0
  steering_angle_velocity: 0.0
  speed: 2.0
  acceleration: 0.0
  jerk: 0.0
header: 
  seq: 65004
  stamp: 
    secs: 0
    nsecs:         0
  frame_id: ''
drive: 
  steering_angle: 0.0
  steering_angle_velocity: 0.0
  speed: 2.0
  acceleration: 0.0
  jerk: 0.0
header: 
  seq: 65005
  stamp: 
    secs: 0
    nsecs:         0
  frame_id: ''
drive: 
  steering_angle: 0.0
  steering_angle_velocity: 0.0
  speed: 2.0
  acceleration: 0.0
  jerk: 0.0
header: 
  seq: 65006
  stamp: 
    secs: 0
    nsecs:         0
  frame_id: ''
drive: 
  steering_angle: 0.0
  steering_angle_velocity: 0.0
  speed: 2.0
  acceleration: 0.0
  jerk: 0.0
header: 
  seq: 65007
  stamp: 
    secs: 0
    nsecs:         0
  frame_id: ''
drive: 
  steering_angle: 0.0
  steering_angle_velocity: 0.0
  speed: 2.0
  acceleration: 0.0
  jerk: 0.0
header: 
  seq: 65008
  stamp: 
    secs: 0
    nsecs:         0
  frame_id: ''
drive: 
  steering_angle: 0.0128742549568
  steering_angle_velocity: 0.0
  speed: 2.0
  acceleration: 0.0
  jerk: 0.0
header: 
  seq: 65009
  stamp: 
    secs: 0
    nsecs:         0
  frame_id: ''
drive: 
  steering_angle: 0.0373057089746
  steering_angle_velocity: 0.0
  speed: 2.0
  acceleration: 0.0
  jerk: 0.0
header: 
  seq: 65010
  stamp: 
    secs: 0
    nsecs:         0
  frame_id: ''
drive: 
  steering_angle: 0.0535933412611
  steering_angle_velocity: 0.0
  speed: 2.0
  acceleration: 0.0
  jerk: 0.0
header: 
  seq: 65011
  stamp: 
    secs: 0
    nsecs:         0
  frame_id: ''
drive: 
  steering_angle: 0.0725955888629
  steering_angle_velocity: 0.0
  speed: 2.0
  acceleration: 0.0
  jerk: 0.0
header: 
  seq: 65012
  stamp: 
    secs: 0
    nsecs:         0
  frame_id: ''
drive: 
  steering_angle: 0.0888832211494
  steering_angle_velocity: 0.0
  speed: 2.0
  acceleration: 0.0
  jerk: 0.0
header: 
  seq: 65013
  stamp: 
    secs: 0
    nsecs:         0
  frame_id: ''
drive: 
  steering_angle: 0.105170860887
  steering_angle_velocity: 0.0
  speed: 2.0
  acceleration: 0.0
  jerk: 0.0
header: 
  seq: 65014
  stamp: 
    secs: 0
    nsecs:         0
  frame_id: ''
drive: 
  steering_angle: 0.116039767861
  steering_angle_velocity: 0.0
  speed: 2.0
  acceleration: 0.0
  jerk: 0.0
header: 
  seq: 65015
  stamp: 
    secs: 0
    nsecs:         0
  frame_id: ''
drive: 
  steering_angle: 0.129612803459
  steering_angle_velocity: 0.0
  speed: 2.0
  acceleration: 0.0
  jerk: 0.0
header: 
  seq: 65016
  stamp: 
    secs: 0
    nsecs:         0
  frame_id: ''
drive: 
  steering_angle: 0.137756615877
  steering_angle_velocity: 0.0
  speed: 2.0
  acceleration: 0.0
  jerk: 0.0
header: 
  seq: 65017
  stamp: 
    secs: 0
    nsecs:         0
  frame_id: ''
drive: 
  steering_angle: 0.140471220016
  steering_angle_velocity: 0.0
  speed: 2.0
  acceleration: 0.0
  jerk: 0.0
header: 
  seq: 65018
  stamp: 
    secs: 0
    nsecs:         0
  frame_id: ''
drive: 
  steering_angle: 0.145900428295
  steering_angle_velocity: 0.0
  speed: 2.0
  acceleration: 0.0
  jerk: 0.0
header: 
  seq: 65019
  stamp: 
    secs: 0
    nsecs:         0
  frame_id: ''
drive: 
  steering_angle: 0.148615032434
  steering_angle_velocity: 0.0
  speed: 2.0
  acceleration: 0.0
  jerk: 0.0
header: 
  seq: 65020
  stamp: 
    secs: 0
    nsecs:         0
  frame_id: ''
drive: 
  steering_angle: 0.162188068032
  steering_angle_velocity: 0.0
  speed: 2.0
  acceleration: 0.0
  jerk: 0.0
header: 
  seq: 65021
  stamp: 
    secs: 0
    nsecs:         0
  frame_id: ''
drive: 
  steering_angle: 0.140471220016
  steering_angle_velocity: 0.0
  speed: 2.0
  acceleration: 0.0
  jerk: 0.0
header: 
  seq: 65022
  stamp: 
    secs: 0
    nsecs:         0
  frame_id: ''
drive: 
  steering_angle: 0.0915978252888
  steering_angle_velocity: 0.0
  speed: 2.0
  acceleration: 0.0
  jerk: 0.0
header: 
  seq: 65023
  stamp: 
    secs: 0
    nsecs:         0
  frame_id: ''
drive: 
  steering_angle: 0.0535933412611
  steering_angle_velocity: 0.0
  speed: 2.0
  acceleration: 0.0
  jerk: 0.0
header: 
  seq: 65024
  stamp: 
    secs: 0
    nsecs:         0
  frame_id: ''
drive: 
  steering_angle: 0.0
  steering_angle_velocity: 0.0
  speed: 2.0
  acceleration: 0.0
  jerk: 0.0
header: 
  seq: 65025
  stamp: 
    secs: 0
    nsecs:         0
  frame_id: ''
drive: 
  steering_angle: 0.0
  steering_angle_velocity: 0.0
  speed: 2.0
  acceleration: 0.0
  jerk: 0.0
header: 
  seq: 65026
  stamp: 
    secs: 0
    nsecs:         0
  frame_id: ''
drive: 
  steering_angle: 0.0
  steering_angle_velocity: 0.0
  speed: 2.0
  acceleration: 0.0
  jerk: 0.0
header: 
  seq: 65027
  stamp: 
    secs: 0
    nsecs:         0
  frame_id: ''
drive: 
  steering_angle: 0.0
  steering_angle_velocity: 0.0
  speed: 2.0
  acceleration: 0.0
  jerk: 0.0
header: 
  seq: 65028
  stamp: 
    secs: 0
    nsecs:         0
  frame_id: ''
drive: 
  steering_angle: 0.0
  steering_angle_velocity: 0.0
  speed: 2.0
  acceleration: 0.0
  jerk: 0.0
header: 
  seq: 65029
  stamp: 
    secs: 0
    nsecs:         0
  frame_id: ''
drive: 
  steering_angle: 0.0
  steering_angle_velocity: 0.0
  speed: 2.0
  acceleration: 0.0
  jerk: 0.0
header: 
  seq: 65030
  stamp: 
    secs: 0
    nsecs:         0
  frame_id: ''
drive: 
  steering_angle: 0.0
  steering_angle_velocity: 0.0
  speed: 2.0
  acceleration: 0.0
  jerk: 0.0
header: 
  seq: 65031
  stamp: 
    secs: 0
    nsecs:         0
  frame_id: ''
drive: 
  steering_angle: 0.0
  steering_angle_velocity: 0.0
  speed: 2.0
  acceleration: 0.0
  jerk: 0.0
header: 
  seq: 65032
  stamp: 
    secs: 0
    nsecs:         0
  frame_id: ''
drive: 
  steering_angle: 0.0
  steering_angle_velocity: 0.0
  speed: 2.0
  acceleration: 0.0
  jerk: 0.0
header: 
  seq: 65033
  stamp: 
    secs: 0
    nsecs:         0
  frame_id: ''
drive: 
  steering_angle: 0.0
  steering_angle_velocity: 0.0
  speed: 2.0
  acceleration: 0.0
  jerk: 0.0
header: 
  seq: 65034
  stamp: 
    secs: 0
    nsecs:         0
  frame_id: ''
drive: 
  steering_angle: 0.0
  steering_angle_velocity: 0.0
  speed: 2.0
  acceleration: 0.0
  jerk: 0.0
header: 
  seq: 65035
  stamp: 
    secs: 0
    nsecs:         0
  frame_id: ''
drive: 
  steering_angle: 0.0
  steering_angle_velocity: 0.0
  speed: 2.0
  acceleration: 0.0
  jerk: 0.0
header: 
  seq: 65036
  stamp: 
    secs: 0
    nsecs:         0
  frame_id: ''
drive: 
  steering_angle: 0.0
  steering_angle_velocity: 0.0
  speed: 2.0
  acceleration: 0.0
  jerk: 0.0
header: 
  seq: 65037
  stamp: 
    secs: 0
    nsecs:         0
  frame_id: ''
drive: 
  steering_angle: 0.0
  steering_angle_velocity: 0.0
  speed: 2.0
  acceleration: 0.0
  jerk: 0.0
header: 
  seq: 65038
  stamp: 
    secs: 0
    nsecs:         0
  frame_id: ''
drive: 
  steering_angle: 0.0
  steering_angle_velocity: 0.0
  speed: 2.0
  acceleration: 0.0
  jerk: 0.0
header: 
  seq: 65039
  stamp: 
    secs: 0
    nsecs:         0
  frame_id: ''
drive: 
  steering_angle: 0.0074450429529
  steering_angle_velocity: 0.0
  speed: 2.0
  acceleration: 0.0
  jerk: 0.0
header: 
  seq: 65040
  stamp: 
    secs: 0
    nsecs:         0
  frame_id: ''
drive: 
  steering_angle: 0.0210180729628
  steering_angle_velocity: 0.0
  speed: 2.0
  acceleration: 0.0
  jerk: 0.0
header: 
  seq: 65041
  stamp: 
    secs: 0
    nsecs:         0
  frame_id: ''
drive: 
  steering_angle: 0.0318764969707
  steering_angle_velocity: 0.0
  speed: 2.0
  acceleration: 0.0
  jerk: 0.0
header: 
  seq: 65042
  stamp: 
    secs: 0
    nsecs:         0
  frame_id: ''
drive: 
  steering_angle: 0.0454495288432
  steering_angle_velocity: 0.0
  speed: 2.0
  acceleration: 0.0
  jerk: 0.0
header: 
  seq: 65043
  stamp: 
    secs: 0
    nsecs:         0
  frame_id: ''
drive: 
  steering_angle: 0.00473043695092
  steering_angle_velocity: 0.0
  speed: 2.0
  acceleration: 0.0
  jerk: 0.0
header: 
  seq: 65044
  stamp: 
    secs: 0
    nsecs:         0
  frame_id: ''
drive: 
  steering_angle: 0.0
  steering_angle_velocity: 0.0
  speed: 2.0
  acceleration: 0.0
  jerk: 0.0
header: 
  seq: 65045
  stamp: 
    secs: 0
    nsecs:         0
  frame_id: ''
drive: 
  steering_angle: 0.0
  steering_angle_velocity: 0.0
  speed: 2.0
  acceleration: 0.0
  jerk: 0.0
header: 
  seq: 65046
  stamp: 
    secs: 0
    nsecs:         0
  frame_id: ''
drive: 
  steering_angle: 0.0
  steering_angle_velocity: 0.0
  speed: 2.0
  acceleration: 0.0
  jerk: 0.0
header: 
  seq: 65047
  stamp: 
    secs: 0
    nsecs:         0
  frame_id: ''
drive: 
  steering_angle: 0.0
  steering_angle_velocity: 0.0
  speed: 2.0
  acceleration: 0.0
  jerk: 0.0
header: 
  seq: 65048
  stamp: 
    secs: 0
    nsecs:         0
  frame_id: ''
drive: 
  steering_angle: 0.0
  steering_angle_velocity: 0.0
  speed: 2.0
  acceleration: 0.0
  jerk: 0.0
header: 
  seq: 65049
  stamp: 
    secs: 0
    nsecs:         0
  frame_id: ''
drive: 
  steering_angle: 0.0
  steering_angle_velocity: 0.0
  speed: 2.0
  acceleration: 0.0
  jerk: 0.0
header: 
  seq: 65050
  stamp: 
    secs: 0
    nsecs:         0
  frame_id: ''
drive: 
  steering_angle: 0.0
  steering_angle_velocity: 0.0
  speed: 2.0
  acceleration: 0.0
  jerk: 0.0
header: 
  seq: 65051
  stamp: 
    secs: 0
    nsecs:         0
  frame_id: ''
drive: 
  steering_angle: 0.0
  steering_angle_velocity: 0.0
  speed: 2.0
  acceleration: 0.0
  jerk: 0.0
header: 
  seq: 65052
  stamp: 
    secs: 0
    nsecs:         0
  frame_id: ''
drive: 
  steering_angle: 0.0
  steering_angle_velocity: 0.0
  speed: 2.0
  acceleration: 0.0
  jerk: 0.0
header: 
  seq: 65053
  stamp: 
    secs: 0
    nsecs:         0
  frame_id: ''
drive: 
  steering_angle: 0.0
  steering_angle_velocity: 0.0
  speed: 2.0
  acceleration: 0.0
  jerk: 0.0
header: 
  seq: 65054
  stamp: 
    secs: 0
    nsecs:         0
  frame_id: ''
drive: 
  steering_angle: 0.0
  steering_angle_velocity: 0.0
  speed: 2.0
  acceleration: 0.0
  jerk: 0.0
header: 
  seq: 65055
  stamp: 
    secs: 0
    nsecs:         0
  frame_id: ''
drive: 
  steering_angle: 0.0
  steering_angle_velocity: 0.0
  speed: 2.0
  acceleration: 0.0
  jerk: 0.0
header: 
  seq: 65056
  stamp: 
    secs: 0
    nsecs:         0
  frame_id: ''
drive: 
  steering_angle: 0.0
  steering_angle_velocity: 0.0
  speed: 2.0
  acceleration: 0.0
  jerk: 0.0
header: 
  seq: 65057
  stamp: 
    secs: 0
    nsecs:         0
  frame_id: ''
drive: 
  steering_angle: 0.0
  steering_angle_velocity: 0.0
  speed: 2.0
  acceleration: 0.0
  jerk: 0.0
header: 
  seq: 65058
  stamp: 
    secs: 0
    nsecs:         0
  frame_id: ''
drive: 
  steering_angle: -0.075289234519
  steering_angle_velocity: 0.0
  speed: 2.0
  acceleration: 0.0
  jerk: 0.0
header: 
  seq: 65059
  stamp: 
    secs: 0
    nsecs:         0
  frame_id: ''
drive: 
  steering_angle: -0.126877233386
  steering_angle_velocity: 0.0
  speed: 2.0
  acceleration: 0.0
  jerk: 0.0
header: 
  seq: 65060
  stamp: 
    secs: 0
    nsecs:         0
  frame_id: ''
drive: 
  steering_angle: -0.189313158393
  steering_angle_velocity: 0.0
  speed: 2.0
  acceleration: 0.0
  jerk: 0.0
header: 
  seq: 65061
  stamp: 
    secs: 0
    nsecs:         0
  frame_id: ''
drive: 
  steering_angle: -0.2436157763
  steering_angle_velocity: 0.0
  speed: 2.0
  acceleration: 0.0
  jerk: 0.0
header: 
  seq: 65062
  stamp: 
    secs: 0
    nsecs:         0
  frame_id: ''
drive: 
  steering_angle: -0.300622493029
  steering_angle_velocity: 0.0
  speed: 2.0
  acceleration: 0.0
  jerk: 0.0
header: 
  seq: 65063
  stamp: 
    secs: 0
    nsecs:         0
  frame_id: ''
drive: 
  steering_angle: -0.340000003576
  steering_angle_velocity: 0.0
  speed: 2.0
  acceleration: 0.0
  jerk: 0.0
header: 
  seq: 65064
  stamp: 
    secs: 0
    nsecs:         0
  frame_id: ''
drive: 
  steering_angle: -0.340000003576
  steering_angle_velocity: 0.0
  speed: 2.0
  acceleration: 0.0
  jerk: 0.0
header: 
  seq: 65065
  stamp: 
    secs: 0
    nsecs:         0
  frame_id: ''
drive: 
  steering_angle: -0.340000003576
  steering_angle_velocity: 0.0
  speed: 2.0
  acceleration: 0.0
  jerk: 0.0
header: 
  seq: 65066
  stamp: 
    secs: 0
    nsecs:         0
  frame_id: ''
drive: 
  steering_angle: -0.340000003576
  steering_angle_velocity: 0.0
  speed: 2.0
  acceleration: 0.0
  jerk: 0.0
header: 
  seq: 65067
  stamp: 
    secs: 0
    nsecs:         0
  frame_id: ''
drive: 
  steering_angle: -0.340000003576
  steering_angle_velocity: 0.0
  speed: 2.0
  acceleration: 0.0
  jerk: 0.0
header: 
  seq: 65068
  stamp: 
    secs: 0
    nsecs:         0
  frame_id: ''
drive: 
  steering_angle: -0.340000003576
  steering_angle_velocity: 0.0
  speed: 2.0
  acceleration: 0.0
  jerk: 0.0
header: 
  seq: 65069
  stamp: 
    secs: 0
    nsecs:         0
  frame_id: ''
drive: 
  steering_angle: -0.340000003576
  steering_angle_velocity: 0.0
  speed: 2.0
  acceleration: 0.0
  jerk: 0.0
header: 
  seq: 65070
  stamp: 
    secs: 0
    nsecs:         0
  frame_id: ''
drive: 
  steering_angle: -0.289764046669
  steering_angle_velocity: 0.0
  speed: 2.0
  acceleration: 0.0
  jerk: 0.0
header: 
  seq: 65071
  stamp: 
    secs: 0
    nsecs:         0
  frame_id: ''
drive: 
  steering_angle: -0.178454741836
  steering_angle_velocity: 0.0
  speed: 2.0
  acceleration: 0.0
  jerk: 0.0
header: 
  seq: 65072
  stamp: 
    secs: 0
    nsecs:         0
  frame_id: ''
drive: 
  steering_angle: -0.0372847467661
  steering_angle_velocity: 0.0
  speed: 2.0
  acceleration: 0.0
  jerk: 0.0
header: 
  seq: 65073
  stamp: 
    secs: 0
    nsecs:         0
  frame_id: ''
drive: 
  steering_angle: 0.0
  steering_angle_velocity: 0.0
  speed: 2.0
  acceleration: 0.0
  jerk: 0.0
header: 
  seq: 65074
  stamp: 
    secs: 0
    nsecs:         0
  frame_id: ''
drive: 
  steering_angle: 0.0
  steering_angle_velocity: 0.0
  speed: 2.0
  acceleration: 0.0
  jerk: 0.0
header: 
  seq: 65075
  stamp: 
    secs: 0
    nsecs:         0
  frame_id: ''
drive: 
  steering_angle: 0.0
  steering_angle_velocity: 0.0
  speed: 2.0
  acceleration: 0.0
  jerk: 0.0
header: 
  seq: 65076
  stamp: 
    secs: 0
    nsecs:         0
  frame_id: ''
drive: 
  steering_angle: 0.0
  steering_angle_velocity: 0.0
  speed: 2.0
  acceleration: 0.0
  jerk: 0.0
header: 
  seq: 65077
  stamp: 
    secs: 0
    nsecs:         0
  frame_id: ''
drive: 
  steering_angle: 0.0
  steering_angle_velocity: 0.0
  speed: 2.0
  acceleration: 0.0
  jerk: 0.0
header: 
  seq: 65078
  stamp: 
    secs: 0
    nsecs:         0
  frame_id: ''
drive: 
  steering_angle: 0.0
  steering_angle_velocity: 0.0
  speed: 2.0
  acceleration: 0.0
  jerk: 0.0
header: 
  seq: 65079
  stamp: 
    secs: 0
    nsecs:         0
  frame_id: ''
drive: 
  steering_angle: -0.0861476510763
  steering_angle_velocity: 0.0
  speed: 2.0
  acceleration: 0.0
  jerk: 0.0
header: 
  seq: 65080
  stamp: 
    secs: 0
    nsecs:         0
  frame_id: ''
drive: 
  steering_angle: -0.167596325278
  steering_angle_velocity: 0.0
  speed: 2.0
  acceleration: 0.0
  jerk: 0.0
header: 
  seq: 65081
  stamp: 
    secs: 0
    nsecs:         0
  frame_id: ''
drive: 
  steering_angle: -0.235471948981
  steering_angle_velocity: 0.0
  speed: 2.0
  acceleration: 0.0
  jerk: 0.0
header: 
  seq: 65082
  stamp: 
    secs: 0
    nsecs:         0
  frame_id: ''
drive: 
  steering_angle: -0.29519328475
  steering_angle_velocity: 0.0
  speed: 2.0
  acceleration: 0.0
  jerk: 0.0
header: 
  seq: 65083
  stamp: 
    secs: 0
    nsecs:         0
  frame_id: ''
drive: 
  steering_angle: -0.340000003576
  steering_angle_velocity: 0.0
  speed: 2.0
  acceleration: 0.0
  jerk: 0.0
header: 
  seq: 65084
  stamp: 
    secs: 0
    nsecs:         0
  frame_id: ''
drive: 
  steering_angle: -0.340000003576
  steering_angle_velocity: 0.0
  speed: 2.0
  acceleration: 0.0
  jerk: 0.0
header: 
  seq: 65085
  stamp: 
    secs: 0
    nsecs:         0
  frame_id: ''
drive: 
  steering_angle: -0.340000003576
  steering_angle_velocity: 0.0
  speed: 2.0
  acceleration: 0.0
  jerk: 0.0
header: 
  seq: 65086
  stamp: 
    secs: 0
    nsecs:         0
  frame_id: ''
drive: 
  steering_angle: -0.340000003576
  steering_angle_velocity: 0.0
  speed: 1.94414186478
  acceleration: 0.0
  jerk: 0.0
header: 
  seq: 65087
  stamp: 
    secs: 0
    nsecs:         0
  frame_id: ''
drive: 
  steering_angle: -0.340000003576
  steering_angle_velocity: 0.0
  speed: 1.92817366123
  acceleration: 0.0
  jerk: 0.0
header: 
  seq: 65088
  stamp: 
    secs: 0
    nsecs:         0
  frame_id: ''
drive: 
  steering_angle: -0.340000003576
  steering_angle_velocity: 0.0
  speed: 1.89623701572
  acceleration: 0.0
  jerk: 0.0
header: 
  seq: 65089
  stamp: 
    secs: 0
    nsecs:         0
  frame_id: ''
drive: 
  steering_angle: -0.340000003576
  steering_angle_velocity: 0.0
  speed: 1.88026881218
  acceleration: 0.0
  jerk: 0.0
header: 
  seq: 65090
  stamp: 
    secs: 0
    nsecs:         0
  frame_id: ''
drive: 
  steering_angle: -0.340000003576
  steering_angle_velocity: 0.0
  speed: 1.84833228588
  acceleration: 0.0
  jerk: 0.0
header: 
  seq: 65091
  stamp: 
    secs: 0
    nsecs:         0
  frame_id: ''
drive: 
  steering_angle: -0.340000003576
  steering_angle_velocity: 0.0
  speed: 1.84833228588
  acceleration: 0.0
  jerk: 0.0
header: 
  seq: 65092
  stamp: 
    secs: 0
    nsecs:         0
  frame_id: ''
drive: 
  steering_angle: -0.340000003576
  steering_angle_velocity: 0.0
  speed: 1.83236396313
  acceleration: 0.0
  jerk: 0.0
header: 
  seq: 65093
  stamp: 
    secs: 0
    nsecs:         0
  frame_id: ''
drive: 
  steering_angle: -0.340000003576
  steering_angle_velocity: 0.0
  speed: 1.83236396313
  acceleration: 0.0
  jerk: 0.0
header: 
  seq: 65094
  stamp: 
    secs: 0
    nsecs:         0
  frame_id: ''
drive: 
  steering_angle: -0.340000003576
  steering_angle_velocity: 0.0
  speed: 1.83236396313
  acceleration: 0.0
  jerk: 0.0
header: 
  seq: 65095
  stamp: 
    secs: 0
    nsecs:         0
  frame_id: ''
drive: 
  steering_angle: -0.340000003576
  steering_angle_velocity: 0.0
  speed: 1.83236396313
  acceleration: 0.0
  jerk: 0.0
header: 
  seq: 65096
  stamp: 
    secs: 0
    nsecs:         0
  frame_id: ''
drive: 
  steering_angle: -0.340000003576
  steering_angle_velocity: 0.0
  speed: 1.83236396313
  acceleration: 0.0
  jerk: 0.0
header: 
  seq: 65097
  stamp: 
    secs: 0
    nsecs:         0
  frame_id: ''
drive: 
  steering_angle: -0.340000003576
  steering_angle_velocity: 0.0
  speed: 1.83236396313
  acceleration: 0.0
  jerk: 0.0
header: 
  seq: 65098
  stamp: 
    secs: 0
    nsecs:         0
  frame_id: ''
drive: 
  steering_angle: -0.340000003576
  steering_angle_velocity: 0.0
  speed: 1.80042743683
  acceleration: 0.0
  jerk: 0.0
header: 
  seq: 65099
  stamp: 
    secs: 0
    nsecs:         0
  frame_id: ''
drive: 
  steering_angle: -0.340000003576
  steering_angle_velocity: 0.0
  speed: 1.76849091053
  acceleration: 0.0
  jerk: 0.0
header: 
  seq: 65100
  stamp: 
    secs: 0
    nsecs:         0
  frame_id: ''
drive: 
  steering_angle: -0.340000003576
  steering_angle_velocity: 0.0
  speed: 1.76849091053
  acceleration: 0.0
  jerk: 0.0
header: 
  seq: 65101
  stamp: 
    secs: 0
    nsecs:         0
  frame_id: ''
drive: 
  steering_angle: -0.340000003576
  steering_angle_velocity: 0.0
  speed: 1.76849091053
  acceleration: 0.0
  jerk: 0.0
header: 
  seq: 65102
  stamp: 
    secs: 0
    nsecs:         0
  frame_id: ''
drive: 
  steering_angle: -0.340000003576
  steering_angle_velocity: 0.0
  speed: 1.75252258778
  acceleration: 0.0
  jerk: 0.0
header: 
  seq: 65103
  stamp: 
    secs: 0
    nsecs:         0
  frame_id: ''
drive: 
  steering_angle: -0.340000003576
  steering_angle_velocity: 0.0
  speed: 1.75252258778
  acceleration: 0.0
  jerk: 0.0
header: 
  seq: 65104
  stamp: 
    secs: 0
    nsecs:         0
  frame_id: ''
drive: 
  steering_angle: -0.340000003576
  steering_angle_velocity: 0.0
  speed: 1.75252258778
  acceleration: 0.0
  jerk: 0.0
header: 
  seq: 65105
  stamp: 
    secs: 0
    nsecs:         0
  frame_id: ''
drive: 
  steering_angle: -0.340000003576
  steering_angle_velocity: 0.0
  speed: 1.75252258778
  acceleration: 0.0
  jerk: 0.0
header: 
  seq: 65106
  stamp: 
    secs: 0
    nsecs:         0
  frame_id: ''
drive: 
  steering_angle: -0.340000003576
  steering_angle_velocity: 0.0
  speed: 1.75252258778
  acceleration: 0.0
  jerk: 0.0
header: 
  seq: 65107
  stamp: 
    secs: 0
    nsecs:         0
  frame_id: ''
drive: 
  steering_angle: -0.340000003576
  steering_angle_velocity: 0.0
  speed: 1.75252258778
  acceleration: 0.0
  jerk: 0.0
header: 
  seq: 65108
  stamp: 
    secs: 0
    nsecs:         0
  frame_id: ''
drive: 
  steering_angle: -0.340000003576
  steering_angle_velocity: 0.0
  speed: 1.75252258778
  acceleration: 0.0
  jerk: 0.0
header: 
  seq: 65109
  stamp: 
    secs: 0
    nsecs:         0
  frame_id: ''
drive: 
  steering_angle: -0.340000003576
  steering_angle_velocity: 0.0
  speed: 1.75252258778
  acceleration: 0.0
  jerk: 0.0
header: 
  seq: 65110
  stamp: 
    secs: 0
    nsecs:         0
  frame_id: ''
drive: 
  steering_angle: -0.340000003576
  steering_angle_velocity: 0.0
  speed: 1.75252258778
  acceleration: 0.0
  jerk: 0.0
header: 
  seq: 65111
  stamp: 
    secs: 0
    nsecs:         0
  frame_id: ''
drive: 
  steering_angle: -0.340000003576
  steering_angle_velocity: 0.0
  speed: 1.75252258778
  acceleration: 0.0
  jerk: 0.0
header: 
  seq: 65112
  stamp: 
    secs: 0
    nsecs:         0
  frame_id: ''
drive: 
  steering_angle: -0.340000003576
  steering_angle_velocity: 0.0
  speed: 1.75252258778
  acceleration: 0.0
  jerk: 0.0
header: 
  seq: 65113
  stamp: 
    secs: 0
    nsecs:         0
  frame_id: ''
drive: 
  steering_angle: -0.340000003576
  steering_angle_velocity: 0.0
  speed: 1.75252258778
  acceleration: 0.0
  jerk: 0.0
header: 
  seq: 65114
  stamp: 
    secs: 0
    nsecs:         0
  frame_id: ''
drive: 
  steering_angle: -0.340000003576
  steering_angle_velocity: 0.0
  speed: 1.75252258778
  acceleration: 0.0
  jerk: 0.0
header: 
  seq: 65115
  stamp: 
    secs: 0
    nsecs:         0
  frame_id: ''
drive: 
  steering_angle: -0.340000003576
  steering_angle_velocity: 0.0
  speed: 1.75252258778
  acceleration: 0.0
  jerk: 0.0
header: 
  seq: 65116
  stamp: 
    secs: 0
    nsecs:         0
  frame_id: ''
drive: 
  steering_angle: -0.340000003576
  steering_angle_velocity: 0.0
  speed: 1.75252258778
  acceleration: 0.0
  jerk: 0.0
header: 
  seq: 65117
  stamp: 
    secs: 0
    nsecs:         0
  frame_id: ''
drive: 
  steering_angle: -0.340000003576
  steering_angle_velocity: 0.0
  speed: 1.75252258778
  acceleration: 0.0
  jerk: 0.0
header: 
  seq: 65118
  stamp: 
    secs: 0
    nsecs:         0
  frame_id: ''
drive: 
  steering_angle: -0.340000003576
  steering_angle_velocity: 0.0
  speed: 1.75252258778
  acceleration: 0.0
  jerk: 0.0
header: 
  seq: 65119
  stamp: 
    secs: 0
    nsecs:         0
  frame_id: ''
drive: 
  steering_angle: -0.340000003576
  steering_angle_velocity: 0.0
  speed: 1.83236396313
  acceleration: 0.0
  jerk: 0.0
header: 
  seq: 65120
  stamp: 
    secs: 0
    nsecs:         0
  frame_id: ''
drive: 
  steering_angle: -0.340000003576
  steering_angle_velocity: 0.0
  speed: 1.84833228588
  acceleration: 0.0
  jerk: 0.0
header: 
  seq: 65121
  stamp: 
    secs: 0
    nsecs:         0
  frame_id: ''
drive: 
  steering_angle: -0.340000003576
  steering_angle_velocity: 0.0
  speed: 1.84833228588
  acceleration: 0.0
  jerk: 0.0
header: 
  seq: 65122
  stamp: 
    secs: 0
    nsecs:         0
  frame_id: ''
drive: 
  steering_angle: -0.340000003576
  steering_angle_velocity: 0.0
  speed: 1.84833228588
  acceleration: 0.0
  jerk: 0.0
header: 
  seq: 65123
  stamp: 
    secs: 0
    nsecs:         0
  frame_id: ''
drive: 
  steering_angle: -0.340000003576
  steering_angle_velocity: 0.0
  speed: 1.88026881218
  acceleration: 0.0
  jerk: 0.0
header: 
  seq: 65124
  stamp: 
    secs: 0
    nsecs:         0
  frame_id: ''
drive: 
  steering_angle: -0.340000003576
  steering_angle_velocity: 0.0
  speed: 1.88026881218
  acceleration: 0.0
  jerk: 0.0
header: 
  seq: 65125
  stamp: 
    secs: 0
    nsecs:         0
  frame_id: ''
drive: 
  steering_angle: -0.340000003576
  steering_angle_velocity: 0.0
  speed: 1.88026881218
  acceleration: 0.0
  jerk: 0.0
header: 
  seq: 65126
  stamp: 
    secs: 0
    nsecs:         0
  frame_id: ''
drive: 
  steering_angle: -0.340000003576
  steering_angle_velocity: 0.0
  speed: 1.88026881218
  acceleration: 0.0
  jerk: 0.0
header: 
  seq: 65127
  stamp: 
    secs: 0
    nsecs:         0
  frame_id: ''
drive: 
  steering_angle: -0.340000003576
  steering_angle_velocity: 0.0
  speed: 1.88026881218
  acceleration: 0.0
  jerk: 0.0
header: 
  seq: 65128
  stamp: 
    secs: 0
    nsecs:         0
  frame_id: ''
drive: 
  steering_angle: -0.340000003576
  steering_angle_velocity: 0.0
  speed: 1.88026881218
  acceleration: 0.0
  jerk: 0.0
header: 
  seq: 65129
  stamp: 
    secs: 0
    nsecs:         0
  frame_id: ''
drive: 
  steering_angle: -0.340000003576
  steering_angle_velocity: 0.0
  speed: 1.88026881218
  acceleration: 0.0
  jerk: 0.0
header: 
  seq: 65130
  stamp: 
    secs: 0
    nsecs:         0
  frame_id: ''
drive: 
  steering_angle: -0.340000003576
  steering_angle_velocity: 0.0
  speed: 1.89623701572
  acceleration: 0.0
  jerk: 0.0
header: 
  seq: 65131
  stamp: 
    secs: 0
    nsecs:         0
  frame_id: ''
drive: 
  steering_angle: -0.340000003576
  steering_angle_velocity: 0.0
  speed: 1.89623701572
  acceleration: 0.0
  jerk: 0.0
header: 
  seq: 65132
  stamp: 
    secs: 0
    nsecs:         0
  frame_id: ''
drive: 
  steering_angle: -0.340000003576
  steering_angle_velocity: 0.0
  speed: 1.92817366123
  acceleration: 0.0
  jerk: 0.0
header: 
  seq: 65133
  stamp: 
    secs: 0
    nsecs:         0
  frame_id: ''
drive: 
  steering_angle: -0.340000003576
  steering_angle_velocity: 0.0
  speed: 1.92817366123
  acceleration: 0.0
  jerk: 0.0
header: 
  seq: 65134
  stamp: 
    secs: 0
    nsecs:         0
  frame_id: ''
drive: 
  steering_angle: -0.340000003576
  steering_angle_velocity: 0.0
  speed: 1.94414186478
  acceleration: 0.0
  jerk: 0.0
header: 
  seq: 65135
  stamp: 
    secs: 0
    nsecs:         0
  frame_id: ''
drive: 
  steering_angle: -0.340000003576
  steering_angle_velocity: 0.0
  speed: 1.94414186478
  acceleration: 0.0
  jerk: 0.0
header: 
  seq: 65136
  stamp: 
    secs: 0
    nsecs:         0
  frame_id: ''
drive: 
  steering_angle: -0.340000003576
  steering_angle_velocity: 0.0
  speed: 1.97607839108
  acceleration: 0.0
  jerk: 0.0
header: 
  seq: 65137
  stamp: 
    secs: 0
    nsecs:         0
  frame_id: ''
drive: 
  steering_angle: -0.340000003576
  steering_angle_velocity: 0.0
  speed: 1.97607839108
  acceleration: 0.0
  jerk: 0.0
header: 
  seq: 65138
  stamp: 
    secs: 0
    nsecs:         0
  frame_id: ''
drive: 
  steering_angle: -0.340000003576
  steering_angle_velocity: 0.0
  speed: 1.97607839108
  acceleration: 0.0
  jerk: 0.0
header: 
  seq: 65139
  stamp: 
    secs: 0
    nsecs:         0
  frame_id: ''
drive: 
  steering_angle: -0.340000003576
  steering_angle_velocity: 0.0
  speed: 2.0
  acceleration: 0.0
  jerk: 0.0
header: 
  seq: 65140
  stamp: 
    secs: 0
    nsecs:         0
  frame_id: ''
drive: 
  steering_angle: -0.340000003576
  steering_angle_velocity: 0.0
  speed: 2.0
  acceleration: 0.0
  jerk: 0.0
header: 
  seq: 65141
  stamp: 
    secs: 0
    nsecs:         0
  frame_id: ''
drive: 
  steering_angle: -0.340000003576
  steering_angle_velocity: 0.0
  speed: 2.0
  acceleration: 0.0
  jerk: 0.0
header: 
  seq: 65142
  stamp: 
    secs: 0
    nsecs:         0
  frame_id: ''
drive: 
  steering_angle: -0.340000003576
  steering_angle_velocity: 0.0
  speed: 2.0
  acceleration: 0.0
  jerk: 0.0
header: 
  seq: 65143
  stamp: 
    secs: 0
    nsecs:         0
  frame_id: ''
drive: 
  steering_angle: -0.340000003576
  steering_angle_velocity: 0.0
  speed: 2.0
  acceleration: 0.0
  jerk: 0.0
header: 
  seq: 65144
  stamp: 
    secs: 0
    nsecs:         0
  frame_id: ''
drive: 
  steering_angle: -0.340000003576
  steering_angle_velocity: 0.0
  speed: 2.0
  acceleration: 0.0
  jerk: 0.0
header: 
  seq: 65145
  stamp: 
    secs: 0
    nsecs:         0
  frame_id: ''
drive: 
  steering_angle: -0.340000003576
  steering_angle_velocity: 0.0
  speed: 2.0
  acceleration: 0.0
  jerk: 0.0
header: 
  seq: 65146
  stamp: 
    secs: 0
    nsecs:         0
  frame_id: ''
drive: 
  steering_angle: -0.340000003576
  steering_angle_velocity: 0.0
  speed: 2.0
  acceleration: 0.0
  jerk: 0.0
header: 
  seq: 65147
  stamp: 
    secs: 0
    nsecs:         0
  frame_id: ''
drive: 
  steering_angle: -0.340000003576
  steering_angle_velocity: 0.0
  speed: 2.0
  acceleration: 0.0
  jerk: 0.0
header: 
  seq: 65148
  stamp: 
    secs: 0
    nsecs:         0
  frame_id: ''
drive: 
  steering_angle: -0.340000003576
  steering_angle_velocity: 0.0
  speed: 2.0
  acceleration: 0.0
  jerk: 0.0
header: 
  seq: 65149
  stamp: 
    secs: 0
    nsecs:         0
  frame_id: ''
drive: 
  steering_angle: -0.340000003576
  steering_angle_velocity: 0.0
  speed: 2.0
  acceleration: 0.0
  jerk: 0.0
header: 
  seq: 65150
  stamp: 
    secs: 0
    nsecs:         0
  frame_id: ''
drive: 
  steering_angle: -0.340000003576
  steering_angle_velocity: 0.0
  speed: 2.0
  acceleration: 0.0
  jerk: 0.0
header: 
  seq: 65151
  stamp: 
    secs: 0
    nsecs:         0
  frame_id: ''
drive: 
  steering_angle: -0.340000003576
  steering_angle_velocity: 0.0
  speed: 2.0
  acceleration: 0.0
  jerk: 0.0
header: 
  seq: 65152
  stamp: 
    secs: 0
    nsecs:         0
  frame_id: ''
drive: 
  steering_angle: -0.340000003576
  steering_angle_velocity: 0.0
  speed: 2.0
  acceleration: 0.0
  jerk: 0.0
header: 
  seq: 65153
  stamp: 
    secs: 0
    nsecs:         0
  frame_id: ''
drive: 
  steering_angle: -0.340000003576
  steering_angle_velocity: 0.0
  speed: 2.0
  acceleration: 0.0
  jerk: 0.0
header: 
  seq: 65154
  stamp: 
    secs: 0
    nsecs:         0
  frame_id: ''
drive: 
  steering_angle: -0.340000003576
  steering_angle_velocity: 0.0
  speed: 2.0
  acceleration: 0.0
  jerk: 0.0
header: 
  seq: 65155
  stamp: 
    secs: 0
    nsecs:         0
  frame_id: ''
drive: 
  steering_angle: -0.340000003576
  steering_angle_velocity: 0.0
  speed: 2.0
  acceleration: 0.0
  jerk: 0.0
header: 
  seq: 65156
  stamp: 
    secs: 0
    nsecs:         0
  frame_id: ''
drive: 
  steering_angle: -0.340000003576
  steering_angle_velocity: 0.0
  speed: 2.0
  acceleration: 0.0
  jerk: 0.0
header: 
  seq: 65157
  stamp: 
    secs: 0
    nsecs:         0
  frame_id: ''
drive: 
  steering_angle: -0.340000003576
  steering_angle_velocity: 0.0
  speed: 2.0
  acceleration: 0.0
  jerk: 0.0
header: 
  seq: 65158
  stamp: 
    secs: 0
    nsecs:         0
  frame_id: ''
drive: 
  steering_angle: -0.340000003576
  steering_angle_velocity: 0.0
  speed: 2.0
  acceleration: 0.0
  jerk: 0.0
header: 
  seq: 65159
  stamp: 
    secs: 0
    nsecs:         0
  frame_id: ''
drive: 
  steering_angle: -0.340000003576
  steering_angle_velocity: 0.0
  speed: 2.0
  acceleration: 0.0
  jerk: 0.0
header: 
  seq: 65160
  stamp: 
    secs: 0
    nsecs:         0
  frame_id: ''
drive: 
  steering_angle: -0.340000003576
  steering_angle_velocity: 0.0
  speed: 2.0
  acceleration: 0.0
  jerk: 0.0
header: 
  seq: 65161
  stamp: 
    secs: 0
    nsecs:         0
  frame_id: ''
drive: 
  steering_angle: -0.340000003576
  steering_angle_velocity: 0.0
  speed: 2.0
  acceleration: 0.0
  jerk: 0.0
header: 
  seq: 65162
  stamp: 
    secs: 0
    nsecs:         0
  frame_id: ''
drive: 
  steering_angle: -0.340000003576
  steering_angle_velocity: 0.0
  speed: 2.0
  acceleration: 0.0
  jerk: 0.0
header: 
  seq: 65163
  stamp: 
    secs: 0
    nsecs:         0
  frame_id: ''
drive: 
  steering_angle: -0.340000003576
  steering_angle_velocity: 0.0
  speed: 2.0
  acceleration: 0.0
  jerk: 0.0
header: 
  seq: 65164
  stamp: 
    secs: 0
    nsecs:         0
  frame_id: ''
drive: 
  steering_angle: -0.340000003576
  steering_angle_velocity: 0.0
  speed: 2.0
  acceleration: 0.0
  jerk: 0.0
header: 
  seq: 65165
  stamp: 
    secs: 0
    nsecs:         0
  frame_id: ''
drive: 
  steering_angle: -0.340000003576
  steering_angle_velocity: 0.0
  speed: 2.0
  acceleration: 0.0
  jerk: 0.0
header: 
  seq: 65166
  stamp: 
    secs: 0
    nsecs:         0
  frame_id: ''
drive: 
  steering_angle: -0.340000003576
  steering_angle_velocity: 0.0
  speed: 2.0
  acceleration: 0.0
  jerk: 0.0
header: 
  seq: 65167
  stamp: 
    secs: 0
    nsecs:         0
  frame_id: ''
drive: 
  steering_angle: -0.340000003576
  steering_angle_velocity: 0.0
  speed: 2.0
  acceleration: 0.0
  jerk: 0.0
header: 
  seq: 65168
  stamp: 
    secs: 0
    nsecs:         0
  frame_id: ''
drive: 
  steering_angle: -0.340000003576
  steering_angle_velocity: 0.0
  speed: 2.0
  acceleration: 0.0
  jerk: 0.0
header: 
  seq: 65169
  stamp: 
    secs: 0
    nsecs:         0
  frame_id: ''
drive: 
  steering_angle: -0.340000003576
  steering_angle_velocity: 0.0
  speed: 2.0
  acceleration: 0.0
  jerk: 0.0
header: 
  seq: 65170
  stamp: 
    secs: 0
    nsecs:         0
  frame_id: ''
drive: 
  steering_angle: -0.340000003576
  steering_angle_velocity: 0.0
  speed: 2.0
  acceleration: 0.0
  jerk: 0.0
header: 
  seq: 65171
  stamp: 
    secs: 0
    nsecs:         0
  frame_id: ''
drive: 
  steering_angle: -0.340000003576
  steering_angle_velocity: 0.0
  speed: 2.0
  acceleration: 0.0
  jerk: 0.0
header: 
  seq: 65172
  stamp: 
    secs: 0
    nsecs:         0
  frame_id: ''
drive: 
  steering_angle: -0.340000003576
  steering_angle_velocity: 0.0
  speed: 2.0
  acceleration: 0.0
  jerk: 0.0
header: 
  seq: 65173
  stamp: 
    secs: 0
    nsecs:         0
  frame_id: ''
drive: 
  steering_angle: -0.340000003576
  steering_angle_velocity: 0.0
  speed: 2.0
  acceleration: 0.0
  jerk: 0.0
header: 
  seq: 65174
  stamp: 
    secs: 0
    nsecs:         0
  frame_id: ''
drive: 
  steering_angle: -0.340000003576
  steering_angle_velocity: 0.0
  speed: 2.0
  acceleration: 0.0
  jerk: 0.0
header: 
  seq: 65175
  stamp: 
    secs: 0
    nsecs:         0
  frame_id: ''
drive: 
  steering_angle: -0.340000003576
  steering_angle_velocity: 0.0
  speed: 2.0
  acceleration: 0.0
  jerk: 0.0
header: 
  seq: 65176
  stamp: 
    secs: 0
    nsecs:         0
  frame_id: ''
drive: 
  steering_angle: -0.340000003576
  steering_angle_velocity: 0.0
  speed: 2.0
  acceleration: 0.0
  jerk: 0.0
header: 
  seq: 65177
  stamp: 
    secs: 0
    nsecs:         0
  frame_id: ''
drive: 
  steering_angle: -0.340000003576
  steering_angle_velocity: 0.0
  speed: 2.0
  acceleration: 0.0
  jerk: 0.0
header: 
  seq: 65178
  stamp: 
    secs: 0
    nsecs:         0
  frame_id: ''
drive: 
  steering_angle: -0.340000003576
  steering_angle_velocity: 0.0
  speed: 2.0
  acceleration: 0.0
  jerk: 0.0
header: 
  seq: 65179
  stamp: 
    secs: 0
    nsecs:         0
  frame_id: ''
drive: 
  steering_angle: -0.340000003576
  steering_angle_velocity: 0.0
  speed: 2.0
  acceleration: 0.0
  jerk: 0.0
header: 
  seq: 65180
  stamp: 
    secs: 0
    nsecs:         0
  frame_id: ''
drive: 
  steering_angle: -0.340000003576
  steering_angle_velocity: 0.0
  speed: 2.0
  acceleration: 0.0
  jerk: 0.0
header: 
  seq: 65181
  stamp: 
    secs: 0
    nsecs:         0
  frame_id: ''
drive: 
  steering_angle: -0.340000003576
  steering_angle_velocity: 0.0
  speed: 2.0
  acceleration: 0.0
  jerk: 0.0
header: 
  seq: 65182
  stamp: 
    secs: 0
    nsecs:         0
  frame_id: ''
drive: 
  steering_angle: -0.340000003576
  steering_angle_velocity: 0.0
  speed: 2.0
  acceleration: 0.0
  jerk: 0.0
header: 
  seq: 65183
  stamp: 
    secs: 0
    nsecs:         0
  frame_id: ''
drive: 
  steering_angle: -0.340000003576
  steering_angle_velocity: 0.0
  speed: 2.0
  acceleration: 0.0
  jerk: 0.0
header: 
  seq: 65184
  stamp: 
    secs: 0
    nsecs:         0
  frame_id: ''
drive: 
  steering_angle: -0.340000003576
  steering_angle_velocity: 0.0
  speed: 2.0
  acceleration: 0.0
  jerk: 0.0
header: 
  seq: 65185
  stamp: 
    secs: 0
    nsecs:         0
  frame_id: ''
drive: 
  steering_angle: -0.340000003576
  steering_angle_velocity: 0.0
  speed: 2.0
  acceleration: 0.0
  jerk: 0.0
header: 
  seq: 65186
  stamp: 
    secs: 0
    nsecs:         0
  frame_id: ''
drive: 
  steering_angle: -0.340000003576
  steering_angle_velocity: 0.0
  speed: 2.0
  acceleration: 0.0
  jerk: 0.0
header: 
  seq: 65187
  stamp: 
    secs: 0
    nsecs:         0
  frame_id: ''
drive: 
  steering_angle: -0.340000003576
  steering_angle_velocity: 0.0
  speed: 2.0
  acceleration: 0.0
  jerk: 0.0
header: 
  seq: 65188
  stamp: 
    secs: 0
    nsecs:         0
  frame_id: ''
drive: 
  steering_angle: -0.340000003576
  steering_angle_velocity: 0.0
  speed: 2.0
  acceleration: 0.0
  jerk: 0.0
header: 
  seq: 65189
  stamp: 
    secs: 0
    nsecs:         0
  frame_id: ''
drive: 
  steering_angle: -0.340000003576
  steering_angle_velocity: 0.0
  speed: 2.0
  acceleration: 0.0
  jerk: 0.0
header: 
  seq: 65190
  stamp: 
    secs: 0
    nsecs:         0
  frame_id: ''
drive: 
  steering_angle: -0.340000003576
  steering_angle_velocity: 0.0
  speed: 2.0
  acceleration: 0.0
  jerk: 0.0
header: 
  seq: 65191
  stamp: 
    secs: 0
    nsecs:         0
  frame_id: ''
drive: 
  steering_angle: -0.340000003576
  steering_angle_velocity: 0.0
  speed: 2.0
  acceleration: 0.0
  jerk: 0.0
header: 
  seq: 65192
  stamp: 
    secs: 0
    nsecs:         0
  frame_id: ''
drive: 
  steering_angle: -0.340000003576
  steering_angle_velocity: 0.0
  speed: 2.0
  acceleration: 0.0
  jerk: 0.0
header: 
  seq: 65193
  stamp: 
    secs: 0
    nsecs:         0
  frame_id: ''
drive: 
  steering_angle: -0.340000003576
  steering_angle_velocity: 0.0
  speed: 2.0
  acceleration: 0.0
  jerk: 0.0
header: 
  seq: 65194
  stamp: 
    secs: 0
    nsecs:         0
  frame_id: ''
drive: 
  steering_angle: -0.340000003576
  steering_angle_velocity: 0.0
  speed: 2.0
  acceleration: 0.0
  jerk: 0.0
header: 
  seq: 65195
  stamp: 
    secs: 0
    nsecs:         0
  frame_id: ''
drive: 
  steering_angle: -0.340000003576
  steering_angle_velocity: 0.0
  speed: 2.0
  acceleration: 0.0
  jerk: 0.0
header: 
  seq: 65196
  stamp: 
    secs: 0
    nsecs:         0
  frame_id: ''
drive: 
  steering_angle: -0.340000003576
  steering_angle_velocity: 0.0
  speed: 2.0
  acceleration: 0.0
  jerk: 0.0
header: 
  seq: 65197
  stamp: 
    secs: 0
    nsecs:         0
  frame_id: ''
drive: 
  steering_angle: -0.340000003576
  steering_angle_velocity: 0.0
  speed: 2.0
  acceleration: 0.0
  jerk: 0.0
header: 
  seq: 65198
  stamp: 
    secs: 0
    nsecs:         0
  frame_id: ''
drive: 
  steering_angle: -0.340000003576
  steering_angle_velocity: 0.0
  speed: 2.0
  acceleration: 0.0
  jerk: 0.0
header: 
  seq: 65199
  stamp: 
    secs: 0
    nsecs:         0
  frame_id: ''
drive: 
  steering_angle: -0.340000003576
  steering_angle_velocity: 0.0
  speed: 2.0
  acceleration: 0.0
  jerk: 0.0
header: 
  seq: 65200
  stamp: 
    secs: 0
    nsecs:         0
  frame_id: ''
drive: 
  steering_angle: -0.340000003576
  steering_angle_velocity: 0.0
  speed: 2.0
  acceleration: 0.0
  jerk: 0.0
header: 
  seq: 65201
  stamp: 
    secs: 0
    nsecs:         0
  frame_id: ''
drive: 
  steering_angle: -0.340000003576
  steering_angle_velocity: 0.0
  speed: 2.0
  acceleration: 0.0
  jerk: 0.0
header: 
  seq: 65202
  stamp: 
    secs: 0
    nsecs:         0
  frame_id: ''
drive: 
  steering_angle: -0.340000003576
  steering_angle_velocity: 0.0
  speed: 2.0
  acceleration: 0.0
  jerk: 0.0
header: 
  seq: 65203
  stamp: 
    secs: 0
    nsecs:         0
  frame_id: ''
drive: 
  steering_angle: -0.340000003576
  steering_angle_velocity: 0.0
  speed: 2.0
  acceleration: 0.0
  jerk: 0.0
header: 
  seq: 65204
  stamp: 
    secs: 0
    nsecs:         0
  frame_id: ''
drive: 
  steering_angle: -0.340000003576
  steering_angle_velocity: 0.0
  speed: 2.0
  acceleration: 0.0
  jerk: 0.0
header: 
  seq: 65205
  stamp: 
    secs: 0
    nsecs:         0
  frame_id: ''
drive: 
  steering_angle: -0.340000003576
  steering_angle_velocity: 0.0
  speed: 2.0
  acceleration: 0.0
  jerk: 0.0
header: 
  seq: 65206
  stamp: 
    secs: 0
    nsecs:         0
  frame_id: ''
drive: 
  steering_angle: -0.340000003576
  steering_angle_velocity: 0.0
  speed: 2.0
  acceleration: 0.0
  jerk: 0.0
header: 
  seq: 65207
  stamp: 
    secs: 0
    nsecs:         0
  frame_id: ''
drive: 
  steering_angle: -0.340000003576
  steering_angle_velocity: 0.0
  speed: 2.0
  acceleration: 0.0
  jerk: 0.0
header: 
  seq: 65208
  stamp: 
    secs: 0
    nsecs:         0
  frame_id: ''
drive: 
  steering_angle: -0.340000003576
  steering_angle_velocity: 0.0
  speed: 2.0
  acceleration: 0.0
  jerk: 0.0
header: 
  seq: 65209
  stamp: 
    secs: 0
    nsecs:         0
  frame_id: ''
drive: 
  steering_angle: -0.340000003576
  steering_angle_velocity: 0.0
  speed: 2.0
  acceleration: 0.0
  jerk: 0.0
header: 
  seq: 65210
  stamp: 
    secs: 0
    nsecs:         0
  frame_id: ''
drive: 
  steering_angle: -0.340000003576
  steering_angle_velocity: 0.0
  speed: 2.0
  acceleration: 0.0
  jerk: 0.0
header: 
  seq: 65211
  stamp: 
    secs: 0
    nsecs:         0
  frame_id: ''
drive: 
  steering_angle: -0.340000003576
  steering_angle_velocity: 0.0
  speed: 2.0
  acceleration: 0.0
  jerk: 0.0
header: 
  seq: 65212
  stamp: 
    secs: 0
    nsecs:         0
  frame_id: ''
drive: 
  steering_angle: -0.340000003576
  steering_angle_velocity: 0.0
  speed: 2.0
  acceleration: 0.0
  jerk: 0.0
header: 
  seq: 65213
  stamp: 
    secs: 0
    nsecs:         0
  frame_id: ''
drive: 
  steering_angle: -0.340000003576
  steering_angle_velocity: 0.0
  speed: 2.0
  acceleration: 0.0
  jerk: 0.0
header: 
  seq: 65214
  stamp: 
    secs: 0
    nsecs:         0
  frame_id: ''
drive: 
  steering_angle: -0.340000003576
  steering_angle_velocity: 0.0
  speed: 2.0
  acceleration: 0.0
  jerk: 0.0
header: 
  seq: 65215
  stamp: 
    secs: 0
    nsecs:         0
  frame_id: ''
drive: 
  steering_angle: -0.340000003576
  steering_angle_velocity: 0.0
  speed: 2.0
  acceleration: 0.0
  jerk: 0.0
header: 
  seq: 65216
  stamp: 
    secs: 0
    nsecs:         0
  frame_id: ''
drive: 
  steering_angle: -0.340000003576
  steering_angle_velocity: 0.0
  speed: 2.0
  acceleration: 0.0
  jerk: 0.0
header: 
  seq: 65217
  stamp: 
    secs: 0
    nsecs:         0
  frame_id: ''
drive: 
  steering_angle: -0.340000003576
  steering_angle_velocity: 0.0
  speed: 2.0
  acceleration: 0.0
  jerk: 0.0
header: 
  seq: 65218
  stamp: 
    secs: 0
    nsecs:         0
  frame_id: ''
drive: 
  steering_angle: -0.340000003576
  steering_angle_velocity: 0.0
  speed: 2.0
  acceleration: 0.0
  jerk: 0.0
header: 
  seq: 65219
  stamp: 
    secs: 0
    nsecs:         0
  frame_id: ''
drive: 
  steering_angle: -0.340000003576
  steering_angle_velocity: 0.0
  speed: 2.0
  acceleration: 0.0
  jerk: 0.0
header: 
  seq: 65220
  stamp: 
    secs: 0
    nsecs:         0
  frame_id: ''
drive: 
  steering_angle: -0.340000003576
  steering_angle_velocity: 0.0
  speed: 2.0
  acceleration: 0.0
  jerk: 0.0
header: 
  seq: 65221
  stamp: 
    secs: 0
    nsecs:         0
  frame_id: ''
drive: 
  steering_angle: -0.340000003576
  steering_angle_velocity: 0.0
  speed: 2.0
  acceleration: 0.0
  jerk: 0.0
header: 
  seq: 65222
  stamp: 
    secs: 0
    nsecs:         0
  frame_id: ''
drive: 
  steering_angle: -0.340000003576
  steering_angle_velocity: 0.0
  speed: 2.0
  acceleration: 0.0
  jerk: 0.0
header: 
  seq: 65223
  stamp: 
    secs: 0
    nsecs:         0
  frame_id: ''
drive: 
  steering_angle: -0.340000003576
  steering_angle_velocity: 0.0
  speed: 2.0
  acceleration: 0.0
  jerk: 0.0
header: 
  seq: 65224
  stamp: 
    secs: 0
    nsecs:         0
  frame_id: ''
drive: 
  steering_angle: -0.340000003576
  steering_angle_velocity: 0.0
  speed: 2.0
  acceleration: 0.0
  jerk: 0.0
header: 
  seq: 65225
  stamp: 
    secs: 0
    nsecs:         0
  frame_id: ''
drive: 
  steering_angle: -0.340000003576
  steering_angle_velocity: 0.0
  speed: 2.0
  acceleration: 0.0
  jerk: 0.0
header: 
  seq: 65226
  stamp: 
    secs: 0
    nsecs:         0
  frame_id: ''
drive: 
  steering_angle: -0.340000003576
  steering_angle_velocity: 0.0
  speed: 2.0
  acceleration: 0.0
  jerk: 0.0
header: 
  seq: 65227
  stamp: 
    secs: 0
    nsecs:         0
  frame_id: ''
drive: 
  steering_angle: -0.340000003576
  steering_angle_velocity: 0.0
  speed: 2.0
  acceleration: 0.0
  jerk: 0.0
header: 
  seq: 65228
  stamp: 
    secs: 0
    nsecs:         0
  frame_id: ''
drive: 
  steering_angle: -0.340000003576
  steering_angle_velocity: 0.0
  speed: 2.0
  acceleration: 0.0
  jerk: 0.0
header: 
  seq: 65229
  stamp: 
    secs: 0
    nsecs:         0
  frame_id: ''
drive: 
  steering_angle: -0.340000003576
  steering_angle_velocity: 0.0
  speed: 2.0
  acceleration: 0.0
  jerk: 0.0
header: 
  seq: 65230
  stamp: 
    secs: 0
    nsecs:         0
  frame_id: ''
drive: 
  steering_angle: -0.340000003576
  steering_angle_velocity: 0.0
  speed: 2.0
  acceleration: 0.0
  jerk: 0.0
header: 
  seq: 65231
  stamp: 
    secs: 0
    nsecs:         0
  frame_id: ''
drive: 
  steering_angle: -0.340000003576
  steering_angle_velocity: 0.0
  speed: 2.0
  acceleration: 0.0
  jerk: 0.0
header: 
  seq: 65232
  stamp: 
    secs: 0
    nsecs:         0
  frame_id: ''
drive: 
  steering_angle: -0.340000003576
  steering_angle_velocity: 0.0
  speed: 2.0
  acceleration: 0.0
  jerk: 0.0
header: 
  seq: 65233
  stamp: 
    secs: 0
    nsecs:         0
  frame_id: ''
drive: 
  steering_angle: -0.340000003576
  steering_angle_velocity: 0.0
  speed: 2.0
  acceleration: 0.0
  jerk: 0.0
header: 
  seq: 65234
  stamp: 
    secs: 0
    nsecs:         0
  frame_id: ''
drive: 
  steering_angle: -0.340000003576
  steering_angle_velocity: 0.0
  speed: 2.0
  acceleration: 0.0
  jerk: 0.0
header: 
  seq: 65235
  stamp: 
    secs: 0
    nsecs:         0
  frame_id: ''
drive: 
  steering_angle: -0.340000003576
  steering_angle_velocity: 0.0
  speed: 2.0
  acceleration: 0.0
  jerk: 0.0
header: 
  seq: 65236
  stamp: 
    secs: 0
    nsecs:         0
  frame_id: ''
drive: 
  steering_angle: -0.316910117865
  steering_angle_velocity: 0.0
  speed: 2.0
  acceleration: 0.0
  jerk: 0.0
header: 
  seq: 65237
  stamp: 
    secs: 0
    nsecs:         0
  frame_id: ''
drive: 
  steering_angle: -0.300622493029
  steering_angle_velocity: 0.0
  speed: 2.0
  acceleration: 0.0
  jerk: 0.0
header: 
  seq: 65238
  stamp: 
    secs: 0
    nsecs:         0
  frame_id: ''
drive: 
  steering_angle: -0.259903401136
  steering_angle_velocity: 0.0
  speed: 2.0
  acceleration: 0.0
  jerk: 0.0
header: 
  seq: 65239
  stamp: 
    secs: 0
    nsecs:         0
  frame_id: ''
drive: 
  steering_angle: -0.208315402269
  steering_angle_velocity: 0.0
  speed: 2.0
  acceleration: 0.0
  jerk: 0.0
header: 
  seq: 65240
  stamp: 
    secs: 0
    nsecs:         0
  frame_id: ''
drive: 
  steering_angle: -0.15673789382
  steering_angle_velocity: 0.0
  speed: 2.0
  acceleration: 0.0
  jerk: 0.0
header: 
  seq: 65241
  stamp: 
    secs: 0
    nsecs:         0
  frame_id: ''
drive: 
  steering_angle: -0.0807184427977
  steering_angle_velocity: 0.0
  speed: 2.0
  acceleration: 0.0
  jerk: 0.0
header: 
  seq: 65242
  stamp: 
    secs: 0
    nsecs:         0
  frame_id: ''
drive: 
  steering_angle: -0.0128532927483
  steering_angle_velocity: 0.0
  speed: 2.0
  acceleration: 0.0
  jerk: 0.0
header: 
  seq: 65243
  stamp: 
    secs: 0
    nsecs:         0
  frame_id: ''
drive: 
  steering_angle: 0.0
  steering_angle_velocity: 0.0
  speed: 2.0
  acceleration: 0.0
  jerk: 0.0
header: 
  seq: 65244
  stamp: 
    secs: 0
    nsecs:         0
  frame_id: ''
drive: 
  steering_angle: 0.0
  steering_angle_velocity: 0.0
  speed: 2.0
  acceleration: 0.0
  jerk: 0.0
header: 
  seq: 65245
  stamp: 
    secs: 0
    nsecs:         0
  frame_id: ''
drive: 
  steering_angle: 0.0
  steering_angle_velocity: 0.0
  speed: 2.0
  acceleration: 0.0
  jerk: 0.0
header: 
  seq: 65246
  stamp: 
    secs: 0
    nsecs:         0
  frame_id: ''
drive: 
  steering_angle: 0.0
  steering_angle_velocity: 0.0
  speed: 2.0
  acceleration: 0.0
  jerk: 0.0
header: 
  seq: 65247
  stamp: 
    secs: 0
    nsecs:         0
  frame_id: ''
drive: 
  steering_angle: 0.0074450429529
  steering_angle_velocity: 0.0
  speed: 2.0
  acceleration: 0.0
  jerk: 0.0
header: 
  seq: 65248
  stamp: 
    secs: 0
    nsecs:         0
  frame_id: ''
drive: 
  steering_angle: 0.0454495288432
  steering_angle_velocity: 0.0
  speed: 2.0
  acceleration: 0.0
  jerk: 0.0
header: 
  seq: 65249
  stamp: 
    secs: 0
    nsecs:         0
  frame_id: ''
drive: 
  steering_angle: 0.0888832211494
  steering_angle_velocity: 0.0
  speed: 2.0
  acceleration: 0.0
  jerk: 0.0
header: 
  seq: 65250
  stamp: 
    secs: 0
    nsecs:         0
  frame_id: ''
drive: 
  steering_angle: 0.140471220016
  steering_angle_velocity: 0.0
  speed: 2.0
  acceleration: 0.0
  jerk: 0.0
header: 
  seq: 65251
  stamp: 
    secs: 0
    nsecs:         0
  frame_id: ''
drive: 
  steering_angle: 0.181190311909
  steering_angle_velocity: 0.0
  speed: 2.0
  acceleration: 0.0
  jerk: 0.0
header: 
  seq: 65252
  stamp: 
    secs: 0
    nsecs:         0
  frame_id: ''
drive: 
  steering_angle: 0.213765591383
  steering_angle_velocity: 0.0
  speed: 2.0
  acceleration: 0.0
  jerk: 0.0
header: 
  seq: 65253
  stamp: 
    secs: 0
    nsecs:         0
  frame_id: ''
drive: 
  steering_angle: 0.262638956308
  steering_angle_velocity: 0.0
  speed: 2.0
  acceleration: 0.0
  jerk: 0.0
header: 
  seq: 65254
  stamp: 
    secs: 0
    nsecs:         0
  frame_id: ''
drive: 
  steering_angle: 0.319645702839
  steering_angle_velocity: 0.0
  speed: 2.0
  acceleration: 0.0
  jerk: 0.0
header: 
  seq: 65255
  stamp: 
    secs: 0
    nsecs:         0
  frame_id: ''
drive: 
  steering_angle: 0.340000003576
  steering_angle_velocity: 0.0
  speed: 2.0
  acceleration: 0.0
  jerk: 0.0
header: 
  seq: 65256
  stamp: 
    secs: 0
    nsecs:         0
  frame_id: ''
drive: 
  steering_angle: 0.340000003576
  steering_angle_velocity: 0.0
  speed: 2.0
  acceleration: 0.0
  jerk: 0.0
header: 
  seq: 65257
  stamp: 
    secs: 0
    nsecs:         0
  frame_id: ''
drive: 
  steering_angle: 0.340000003576
  steering_angle_velocity: 0.0
  speed: 2.0
  acceleration: 0.0
  jerk: 0.0
header: 
  seq: 65258
  stamp: 
    secs: 0
    nsecs:         0
  frame_id: ''
drive: 
  steering_angle: 0.340000003576
  steering_angle_velocity: 0.0
  speed: 2.0
  acceleration: 0.0
  jerk: 0.0
header: 
  seq: 65259
  stamp: 
    secs: 0
    nsecs:         0
  frame_id: ''
drive: 
  steering_angle: 0.340000003576
  steering_angle_velocity: 0.0
  speed: 2.0
  acceleration: 0.0
  jerk: 0.0
header: 
  seq: 65260
  stamp: 
    secs: 0
    nsecs:         0
  frame_id: ''
drive: 
  steering_angle: 0.340000003576
  steering_angle_velocity: 0.0
  speed: 2.0
  acceleration: 0.0
  jerk: 0.0
header: 
  seq: 65261
  stamp: 
    secs: 0
    nsecs:         0
  frame_id: ''
drive: 
  steering_angle: 0.340000003576
  steering_angle_velocity: 0.0
  speed: 2.0
  acceleration: 0.0
  jerk: 0.0
header: 
  seq: 65262
  stamp: 
    secs: 0
    nsecs:         0
  frame_id: ''
drive: 
  steering_angle: 0.270782798529
  steering_angle_velocity: 0.0
  speed: 2.0
  acceleration: 0.0
  jerk: 0.0
header: 
  seq: 65263
  stamp: 
    secs: 0
    nsecs:         0
  frame_id: ''
drive: 
  steering_angle: 0.194763347507
  steering_angle_velocity: 0.0
  speed: 2.0
  acceleration: 0.0
  jerk: 0.0
header: 
  seq: 65264
  stamp: 
    secs: 0
    nsecs:         0
  frame_id: ''
drive: 
  steering_angle: 0.0318764969707
  steering_angle_velocity: 0.0
  speed: 2.0
  acceleration: 0.0
  jerk: 0.0
header: 
  seq: 65265
  stamp: 
    secs: 0
    nsecs:         0
  frame_id: ''
drive: 
  steering_angle: 0.0
  steering_angle_velocity: 0.0
  speed: 2.0
  acceleration: 0.0
  jerk: 0.0
header: 
  seq: 65266
  stamp: 
    secs: 0
    nsecs:         0
  frame_id: ''
drive: 
  steering_angle: 0.0
  steering_angle_velocity: 0.0
  speed: 2.0
  acceleration: 0.0
  jerk: 0.0
header: 
  seq: 65267
  stamp: 
    secs: 0
    nsecs:         0
  frame_id: ''
drive: 
  steering_angle: 0.0
  steering_angle_velocity: 0.0
  speed: 2.0
  acceleration: 0.0
  jerk: 0.0
header: 
  seq: 65268
  stamp: 
    secs: 0
    nsecs:         0
  frame_id: ''
drive: 
  steering_angle: 0.0
  steering_angle_velocity: 0.0
  speed: 2.0
  acceleration: 0.0
  jerk: 0.0
header: 
  seq: 65269
  stamp: 
    secs: 0
    nsecs:         0
  frame_id: ''
drive: 
  steering_angle: 0.0210180729628
  steering_angle_velocity: 0.0
  speed: 2.0
  acceleration: 0.0
  jerk: 0.0
header: 
  seq: 65270
  stamp: 
    secs: 0
    nsecs:         0
  frame_id: ''
drive: 
  steering_angle: 0.0807394087315
  steering_angle_velocity: 0.0
  speed: 2.0
  acceleration: 0.0
  jerk: 0.0
header: 
  seq: 65271
  stamp: 
    secs: 0
    nsecs:         0
  frame_id: ''
drive: 
  steering_angle: 0.154044255614
  steering_angle_velocity: 0.0
  speed: 2.0
  acceleration: 0.0
  jerk: 0.0
header: 
  seq: 65272
  stamp: 
    secs: 0
    nsecs:         0
  frame_id: ''
drive: 
  steering_angle: 0.22462400794
  steering_angle_velocity: 0.0
  speed: 2.0
  acceleration: 0.0
  jerk: 0.0
header: 
  seq: 65273
  stamp: 
    secs: 0
    nsecs:         0
  frame_id: ''
drive: 
  steering_angle: 0.30607265234
  steering_angle_velocity: 0.0
  speed: 2.0
  acceleration: 0.0
  jerk: 0.0
header: 
  seq: 65274
  stamp: 
    secs: 0
    nsecs:         0
  frame_id: ''
drive: 
  steering_angle: 0.340000003576
  steering_angle_velocity: 0.0
  speed: 2.0
  acceleration: 0.0
  jerk: 0.0
header: 
  seq: 65275
  stamp: 
    secs: 0
    nsecs:         0
  frame_id: ''
drive: 
  steering_angle: 0.340000003576
  steering_angle_velocity: 0.0
  speed: 2.0
  acceleration: 0.0
  jerk: 0.0
header: 
  seq: 65276
  stamp: 
    secs: 0
    nsecs:         0
  frame_id: ''
drive: 
  steering_angle: 0.340000003576
  steering_angle_velocity: 0.0
  speed: 2.0
  acceleration: 0.0
  jerk: 0.0
header: 
  seq: 65277
  stamp: 
    secs: 0
    nsecs:         0
  frame_id: ''
drive: 
  steering_angle: 0.340000003576
  steering_angle_velocity: 0.0
  speed: 2.0
  acceleration: 0.0
  jerk: 0.0
header: 
  seq: 65278
  stamp: 
    secs: 0
    nsecs:         0
  frame_id: ''
drive: 
  steering_angle: 0.340000003576
  steering_angle_velocity: 0.0
  speed: 2.0
  acceleration: 0.0
  jerk: 0.0
header: 
  seq: 65279
  stamp: 
    secs: 0
    nsecs:         0
  frame_id: ''
drive: 
  steering_angle: 0.340000003576
  steering_angle_velocity: 0.0
  speed: 2.0
  acceleration: 0.0
  jerk: 0.0
header: 
  seq: 65280
  stamp: 
    secs: 0
    nsecs:         0
  frame_id: ''
drive: 
  steering_angle: 0.340000003576
  steering_angle_velocity: 0.0
  speed: 2.0
  acceleration: 0.0
  jerk: 0.0
header: 
  seq: 65281
  stamp: 
    secs: 0
    nsecs:         0
  frame_id: ''
drive: 
  steering_angle: 0.340000003576
  steering_angle_velocity: 0.0
  speed: 2.0
  acceleration: 0.0
  jerk: 0.0
header: 
  seq: 65282
  stamp: 
    secs: 0
    nsecs:         0
  frame_id: ''
drive: 
  steering_angle: 0.340000003576
  steering_angle_velocity: 0.0
  speed: 2.0
  acceleration: 0.0
  jerk: 0.0
header: 
  seq: 65283
  stamp: 
    secs: 0
    nsecs:         0
  frame_id: ''
drive: 
  steering_angle: 0.340000003576
  steering_angle_velocity: 0.0
  speed: 2.0
  acceleration: 0.0
  jerk: 0.0
header: 
  seq: 65284
  stamp: 
    secs: 0
    nsecs:         0
  frame_id: ''
drive: 
  steering_angle: 0.340000003576
  steering_angle_velocity: 0.0
  speed: 2.0
  acceleration: 0.0
  jerk: 0.0
header: 
  seq: 65285
  stamp: 
    secs: 0
    nsecs:         0
  frame_id: ''
drive: 
  steering_angle: 0.340000003576
  steering_angle_velocity: 0.0
  speed: 2.0
  acceleration: 0.0
  jerk: 0.0
header: 
  seq: 65286
  stamp: 
    secs: 0
    nsecs:         0
  frame_id: ''
drive: 
  steering_angle: 0.340000003576
  steering_angle_velocity: 0.0
  speed: 2.0
  acceleration: 0.0
  jerk: 0.0
header: 
  seq: 65287
  stamp: 
    secs: 0
    nsecs:         0
  frame_id: ''
drive: 
  steering_angle: 0.340000003576
  steering_angle_velocity: 0.0
  speed: 2.0
  acceleration: 0.0
  jerk: 0.0
header: 
  seq: 65288
  stamp: 
    secs: 0
    nsecs:         0
  frame_id: ''
drive: 
  steering_angle: 0.340000003576
  steering_angle_velocity: 0.0
  speed: 2.0
  acceleration: 0.0
  jerk: 0.0
header: 
  seq: 65289
  stamp: 
    secs: 0
    nsecs:         0
  frame_id: ''
drive: 
  steering_angle: 0.340000003576
  steering_angle_velocity: 0.0
  speed: 2.0
  acceleration: 0.0
  jerk: 0.0
header: 
  seq: 65290
  stamp: 
    secs: 0
    nsecs:         0
  frame_id: ''
drive: 
  steering_angle: 0.340000003576
  steering_angle_velocity: 0.0
  speed: 2.0
  acceleration: 0.0
  jerk: 0.0
header: 
  seq: 65291
  stamp: 
    secs: 0
    nsecs:         0
  frame_id: ''
drive: 
  steering_angle: 0.340000003576
  steering_angle_velocity: 0.0
  speed: 2.0
  acceleration: 0.0
  jerk: 0.0
header: 
  seq: 65292
  stamp: 
    secs: 0
    nsecs:         0
  frame_id: ''
drive: 
  steering_angle: 0.340000003576
  steering_angle_velocity: 0.0
  speed: 2.0
  acceleration: 0.0
  jerk: 0.0
header: 
  seq: 65293
  stamp: 
    secs: 0
    nsecs:         0
  frame_id: ''
drive: 
  steering_angle: 0.340000003576
  steering_angle_velocity: 0.0
  speed: 2.0
  acceleration: 0.0
  jerk: 0.0
header: 
  seq: 65294
  stamp: 
    secs: 0
    nsecs:         0
  frame_id: ''
drive: 
  steering_angle: 0.340000003576
  steering_angle_velocity: 0.0
  speed: 2.0
  acceleration: 0.0
  jerk: 0.0
header: 
  seq: 65295
  stamp: 
    secs: 0
    nsecs:         0
  frame_id: ''
drive: 
  steering_angle: 0.340000003576
  steering_angle_velocity: 0.0
  speed: 2.0
  acceleration: 0.0
  jerk: 0.0
header: 
  seq: 65296
  stamp: 
    secs: 0
    nsecs:         0
  frame_id: ''
drive: 
  steering_angle: 0.340000003576
  steering_angle_velocity: 0.0
  speed: 2.0
  acceleration: 0.0
  jerk: 0.0
header: 
  seq: 65297
  stamp: 
    secs: 0
    nsecs:         0
  frame_id: ''
drive: 
  steering_angle: 0.340000003576
  steering_angle_velocity: 0.0
  speed: 2.0
  acceleration: 0.0
  jerk: 0.0
header: 
  seq: 65298
  stamp: 
    secs: 0
    nsecs:         0
  frame_id: ''
drive: 
  steering_angle: 0.340000003576
  steering_angle_velocity: 0.0
  speed: 2.0
  acceleration: 0.0
  jerk: 0.0
header: 
  seq: 65299
  stamp: 
    secs: 0
    nsecs:         0
  frame_id: ''
drive: 
  steering_angle: 0.340000003576
  steering_angle_velocity: 0.0
  speed: 2.0
  acceleration: 0.0
  jerk: 0.0
header: 
  seq: 65300
  stamp: 
    secs: 0
    nsecs:         0
  frame_id: ''
drive: 
  steering_angle: 0.340000003576
  steering_angle_velocity: 0.0
  speed: 2.0
  acceleration: 0.0
  jerk: 0.0
header: 
  seq: 65301
  stamp: 
    secs: 0
    nsecs:         0
  frame_id: ''
drive: 
  steering_angle: 0.340000003576
  steering_angle_velocity: 0.0
  speed: 2.0
  acceleration: 0.0
  jerk: 0.0
header: 
  seq: 65302
  stamp: 
    secs: 0
    nsecs:         0
  frame_id: ''
drive: 
  steering_angle: 0.340000003576
  steering_angle_velocity: 0.0
  speed: 2.0
  acceleration: 0.0
  jerk: 0.0
header: 
  seq: 65303
  stamp: 
    secs: 0
    nsecs:         0
  frame_id: ''
drive: 
  steering_angle: 0.340000003576
  steering_angle_velocity: 0.0
  speed: 2.0
  acceleration: 0.0
  jerk: 0.0
header: 
  seq: 65304
  stamp: 
    secs: 0
    nsecs:         0
  frame_id: ''
drive: 
  steering_angle: 0.340000003576
  steering_angle_velocity: 0.0
  speed: 2.0
  acceleration: 0.0
  jerk: 0.0
header: 
  seq: 65305
  stamp: 
    secs: 0
    nsecs:         0
  frame_id: ''
drive: 
  steering_angle: 0.340000003576
  steering_angle_velocity: 0.0
  speed: 2.0
  acceleration: 0.0
  jerk: 0.0
header: 
  seq: 65306
  stamp: 
    secs: 0
    nsecs:         0
  frame_id: ''
drive: 
  steering_angle: 0.340000003576
  steering_angle_velocity: 0.0
  speed: 2.0
  acceleration: 0.0
  jerk: 0.0
header: 
  seq: 65307
  stamp: 
    secs: 0
    nsecs:         0
  frame_id: ''
drive: 
  steering_angle: 0.340000003576
  steering_angle_velocity: 0.0
  speed: 2.0
  acceleration: 0.0
  jerk: 0.0
header: 
  seq: 65308
  stamp: 
    secs: 0
    nsecs:         0
  frame_id: ''
drive: 
  steering_angle: 0.340000003576
  steering_angle_velocity: 0.0
  speed: 2.0
  acceleration: 0.0
  jerk: 0.0
header: 
  seq: 65309
  stamp: 
    secs: 0
    nsecs:         0
  frame_id: ''
drive: 
  steering_angle: 0.340000003576
  steering_angle_velocity: 0.0
  speed: 2.0
  acceleration: 0.0
  jerk: 0.0
header: 
  seq: 65310
  stamp: 
    secs: 0
    nsecs:         0
  frame_id: ''
drive: 
  steering_angle: 0.340000003576
  steering_angle_velocity: 0.0
  speed: 2.0
  acceleration: 0.0
  jerk: 0.0
header: 
  seq: 65311
  stamp: 
    secs: 0
    nsecs:         0
  frame_id: ''
drive: 
  steering_angle: 0.340000003576
  steering_angle_velocity: 0.0
  speed: 2.0
  acceleration: 0.0
  jerk: 0.0
header: 
  seq: 65312
  stamp: 
    secs: 0
    nsecs:         0
  frame_id: ''
drive: 
  steering_angle: 0.340000003576
  steering_angle_velocity: 0.0
  speed: 2.0
  acceleration: 0.0
  jerk: 0.0
header: 
  seq: 65313
  stamp: 
    secs: 0
    nsecs:         0
  frame_id: ''
drive: 
  steering_angle: 0.340000003576
  steering_angle_velocity: 0.0
  speed: 2.0
  acceleration: 0.0
  jerk: 0.0
header: 
  seq: 65314
  stamp: 
    secs: 0
    nsecs:         0
  frame_id: ''
drive: 
  steering_angle: 0.340000003576
  steering_angle_velocity: 0.0
  speed: 2.0
  acceleration: 0.0
  jerk: 0.0
header: 
  seq: 65315
  stamp: 
    secs: 0
    nsecs:         0
  frame_id: ''
drive: 
  steering_angle: 0.340000003576
  steering_angle_velocity: 0.0
  speed: 2.0
  acceleration: 0.0
  jerk: 0.0
header: 
  seq: 65316
  stamp: 
    secs: 0
    nsecs:         0
  frame_id: ''
drive: 
  steering_angle: 0.340000003576
  steering_angle_velocity: 0.0
  speed: 2.0
  acceleration: 0.0
  jerk: 0.0
header: 
  seq: 65317
  stamp: 
    secs: 0
    nsecs:         0
  frame_id: ''
drive: 
  steering_angle: 0.340000003576
  steering_angle_velocity: 0.0
  speed: 2.0
  acceleration: 0.0
  jerk: 0.0
header: 
  seq: 65318
  stamp: 
    secs: 0
    nsecs:         0
  frame_id: ''
drive: 
  steering_angle: 0.340000003576
  steering_angle_velocity: 0.0
  speed: 2.0
  acceleration: 0.0
  jerk: 0.0
header: 
  seq: 65319
  stamp: 
    secs: 0
    nsecs:         0
  frame_id: ''
drive: 
  steering_angle: 0.340000003576
  steering_angle_velocity: 0.0
  speed: 2.0
  acceleration: 0.0
  jerk: 0.0
header: 
  seq: 65320
  stamp: 
    secs: 0
    nsecs:         0
  frame_id: ''
drive: 
  steering_angle: 0.340000003576
  steering_angle_velocity: 0.0
  speed: 2.0
  acceleration: 0.0
  jerk: 0.0
header: 
  seq: 65321
  stamp: 
    secs: 0
    nsecs:         0
  frame_id: ''
drive: 
  steering_angle: 0.340000003576
  steering_angle_velocity: 0.0
  speed: 2.0
  acceleration: 0.0
  jerk: 0.0
header: 
  seq: 65322
  stamp: 
    secs: 0
    nsecs:         0
  frame_id: ''
drive: 
  steering_angle: 0.340000003576
  steering_angle_velocity: 0.0
  speed: 2.0
  acceleration: 0.0
  jerk: 0.0
header: 
  seq: 65323
  stamp: 
    secs: 0
    nsecs:         0
  frame_id: ''
drive: 
  steering_angle: 0.340000003576
  steering_angle_velocity: 0.0
  speed: 2.0
  acceleration: 0.0
  jerk: 0.0
header: 
  seq: 65324
  stamp: 
    secs: 0
    nsecs:         0
  frame_id: ''
drive: 
  steering_angle: 0.340000003576
  steering_angle_velocity: 0.0
  speed: 2.0
  acceleration: 0.0
  jerk: 0.0
header: 
  seq: 65325
  stamp: 
    secs: 0
    nsecs:         0
  frame_id: ''
drive: 
  steering_angle: 0.340000003576
  steering_angle_velocity: 0.0
  speed: 2.0
  acceleration: 0.0
  jerk: 0.0
header: 
  seq: 65326
  stamp: 
    secs: 0
    nsecs:         0
  frame_id: ''
drive: 
  steering_angle: 0.340000003576
  steering_angle_velocity: 0.0
  speed: 2.0
  acceleration: 0.0
  jerk: 0.0
header: 
  seq: 65327
  stamp: 
    secs: 0
    nsecs:         0
  frame_id: ''
drive: 
  steering_angle: 0.340000003576
  steering_angle_velocity: 0.0
  speed: 2.0
  acceleration: 0.0
  jerk: 0.0
header: 
  seq: 65328
  stamp: 
    secs: 0
    nsecs:         0
  frame_id: ''
drive: 
  steering_angle: 0.340000003576
  steering_angle_velocity: 0.0
  speed: 2.0
  acceleration: 0.0
  jerk: 0.0
header: 
  seq: 65329
  stamp: 
    secs: 0
    nsecs:         0
  frame_id: ''
drive: 
  steering_angle: 0.340000003576
  steering_angle_velocity: 0.0
  speed: 2.0
  acceleration: 0.0
  jerk: 0.0
header: 
  seq: 65330
  stamp: 
    secs: 0
    nsecs:         0
  frame_id: ''
drive: 
  steering_angle: 0.340000003576
  steering_angle_velocity: 0.0
  speed: 2.0
  acceleration: 0.0
  jerk: 0.0
header: 
  seq: 65331
  stamp: 
    secs: 0
    nsecs:         0
  frame_id: ''
drive: 
  steering_angle: 0.340000003576
  steering_angle_velocity: 0.0
  speed: 2.0
  acceleration: 0.0
  jerk: 0.0
header: 
  seq: 65332
  stamp: 
    secs: 0
    nsecs:         0
  frame_id: ''
drive: 
  steering_angle: 0.340000003576
  steering_angle_velocity: 0.0
  speed: 2.0
  acceleration: 0.0
  jerk: 0.0
header: 
  seq: 65333
  stamp: 
    secs: 0
    nsecs:         0
  frame_id: ''
drive: 
  steering_angle: 0.340000003576
  steering_angle_velocity: 0.0
  speed: 2.0
  acceleration: 0.0
  jerk: 0.0
header: 
  seq: 65334
  stamp: 
    secs: 0
    nsecs:         0
  frame_id: ''
drive: 
  steering_angle: 0.340000003576
  steering_angle_velocity: 0.0
  speed: 2.0
  acceleration: 0.0
  jerk: 0.0
header: 
  seq: 65335
  stamp: 
    secs: 0
    nsecs:         0
  frame_id: ''
drive: 
  steering_angle: 0.340000003576
  steering_angle_velocity: 0.0
  speed: 2.0
  acceleration: 0.0
  jerk: 0.0
header: 
  seq: 65336
  stamp: 
    secs: 0
    nsecs:         0
  frame_id: ''
drive: 
  steering_angle: 0.340000003576
  steering_angle_velocity: 0.0
  speed: 2.0
  acceleration: 0.0
  jerk: 0.0
header: 
  seq: 65337
  stamp: 
    secs: 0
    nsecs:         0
  frame_id: ''
drive: 
  steering_angle: 0.340000003576
  steering_angle_velocity: 0.0
  speed: 2.0
  acceleration: 0.0
  jerk: 0.0
header: 
  seq: 65338
  stamp: 
    secs: 0
    nsecs:         0
  frame_id: ''
drive: 
  steering_angle: 0.340000003576
  steering_angle_velocity: 0.0
  speed: 2.0
  acceleration: 0.0
  jerk: 0.0
header: 
  seq: 65339
  stamp: 
    secs: 0
    nsecs:         0
  frame_id: ''
drive: 
  steering_angle: 0.340000003576
  steering_angle_velocity: 0.0
  speed: 2.0
  acceleration: 0.0
  jerk: 0.0
header: 
  seq: 65340
  stamp: 
    secs: 0
    nsecs:         0
  frame_id: ''
drive: 
  steering_angle: 0.340000003576
  steering_angle_velocity: 0.0
  speed: 2.0
  acceleration: 0.0
  jerk: 0.0
header: 
  seq: 65341
  stamp: 
    secs: 0
    nsecs:         0
  frame_id: ''
drive: 
  steering_angle: 0.340000003576
  steering_angle_velocity: 0.0
  speed: 2.0
  acceleration: 0.0
  jerk: 0.0
header: 
  seq: 65342
  stamp: 
    secs: 0
    nsecs:         0
  frame_id: ''
drive: 
  steering_angle: 0.340000003576
  steering_angle_velocity: 0.0
  speed: 2.0
  acceleration: 0.0
  jerk: 0.0
header: 
  seq: 65343
  stamp: 
    secs: 0
    nsecs:         0
  frame_id: ''
drive: 
  steering_angle: 0.340000003576
  steering_angle_velocity: 0.0
  speed: 2.0
  acceleration: 0.0
  jerk: 0.0
header: 
  seq: 65344
  stamp: 
    secs: 0
    nsecs:         0
  frame_id: ''
drive: 
  steering_angle: 0.340000003576
  steering_angle_velocity: 0.0
  speed: 2.0
  acceleration: 0.0
  jerk: 0.0
header: 
  seq: 65345
  stamp: 
    secs: 0
    nsecs:         0
  frame_id: ''
drive: 
  steering_angle: 0.340000003576
  steering_angle_velocity: 0.0
  speed: 2.0
  acceleration: 0.0
  jerk: 0.0
header: 
  seq: 65346
  stamp: 
    secs: 0
    nsecs:         0
  frame_id: ''
drive: 
  steering_angle: 0.340000003576
  steering_angle_velocity: 0.0
  speed: 2.0
  acceleration: 0.0
  jerk: 0.0
header: 
  seq: 65347
  stamp: 
    secs: 0
    nsecs:         0
  frame_id: ''
drive: 
  steering_angle: 0.340000003576
  steering_angle_velocity: 0.0
  speed: 2.0
  acceleration: 0.0
  jerk: 0.0
header: 
  seq: 65348
  stamp: 
    secs: 0
    nsecs:         0
  frame_id: ''
drive: 
  steering_angle: 0.340000003576
  steering_angle_velocity: 0.0
  speed: 2.0
  acceleration: 0.0
  jerk: 0.0
header: 
  seq: 65349
  stamp: 
    secs: 0
    nsecs:         0
  frame_id: ''
drive: 
  steering_angle: 0.340000003576
  steering_angle_velocity: 0.0
  speed: 2.0
  acceleration: 0.0
  jerk: 0.0
header: 
  seq: 65350
  stamp: 
    secs: 0
    nsecs:         0
  frame_id: ''
drive: 
  steering_angle: 0.340000003576
  steering_angle_velocity: 0.0
  speed: 2.0
  acceleration: 0.0
  jerk: 0.0
header: 
  seq: 65351
  stamp: 
    secs: 0
    nsecs:         0
  frame_id: ''
drive: 
  steering_angle: 0.340000003576
  steering_angle_velocity: 0.0
  speed: 2.0
  acceleration: 0.0
  jerk: 0.0
header: 
  seq: 65352
  stamp: 
    secs: 0
    nsecs:         0
  frame_id: ''
drive: 
  steering_angle: 0.340000003576
  steering_angle_velocity: 0.0
  speed: 2.0
  acceleration: 0.0
  jerk: 0.0
header: 
  seq: 65353
  stamp: 
    secs: 0
    nsecs:         0
  frame_id: ''
drive: 
  steering_angle: 0.340000003576
  steering_angle_velocity: 0.0
  speed: 2.0
  acceleration: 0.0
  jerk: 0.0
header: 
  seq: 65354
  stamp: 
    secs: 0
    nsecs:         0
  frame_id: ''
drive: 
  steering_angle: 0.340000003576
  steering_angle_velocity: 0.0
  speed: 2.0
  acceleration: 0.0
  jerk: 0.0
header: 
  seq: 65355
  stamp: 
    secs: 0
    nsecs:         0
  frame_id: ''
drive: 
  steering_angle: 0.340000003576
  steering_angle_velocity: 0.0
  speed: 2.0
  acceleration: 0.0
  jerk: 0.0
header: 
  seq: 65356
  stamp: 
    secs: 0
    nsecs:         0
  frame_id: ''
drive: 
  steering_angle: 0.340000003576
  steering_angle_velocity: 0.0
  speed: 2.0
  acceleration: 0.0
  jerk: 0.0
header: 
  seq: 65357
  stamp: 
    secs: 0
    nsecs:         0
  frame_id: ''
drive: 
  steering_angle: 0.340000003576
  steering_angle_velocity: 0.0
  speed: 2.0
  acceleration: 0.0
  jerk: 0.0
header: 
  seq: 65358
  stamp: 
    secs: 0
    nsecs:         0
  frame_id: ''
drive: 
  steering_angle: 0.340000003576
  steering_angle_velocity: 0.0
  speed: 2.0
  acceleration: 0.0
  jerk: 0.0
header: 
  seq: 65359
  stamp: 
    secs: 0
    nsecs:         0
  frame_id: ''
drive: 
  steering_angle: 0.340000003576
  steering_angle_velocity: 0.0
  speed: 2.0
  acceleration: 0.0
  jerk: 0.0
header: 
  seq: 65360
  stamp: 
    secs: 0
    nsecs:         0
  frame_id: ''
drive: 
  steering_angle: 0.340000003576
  steering_angle_velocity: 0.0
  speed: 2.0
  acceleration: 0.0
  jerk: 0.0
header: 
  seq: 65361
  stamp: 
    secs: 0
    nsecs:         0
  frame_id: ''
drive: 
  steering_angle: 0.340000003576
  steering_angle_velocity: 0.0
  speed: 2.0
  acceleration: 0.0
  jerk: 0.0
header: 
  seq: 65362
  stamp: 
    secs: 0
    nsecs:         0
  frame_id: ''
drive: 
  steering_angle: 0.340000003576
  steering_angle_velocity: 0.0
  speed: 2.0
  acceleration: 0.0
  jerk: 0.0
header: 
  seq: 65363
  stamp: 
    secs: 0
    nsecs:         0
  frame_id: ''
drive: 
  steering_angle: 0.340000003576
  steering_angle_velocity: 0.0
  speed: 2.0
  acceleration: 0.0
  jerk: 0.0
header: 
  seq: 65364
  stamp: 
    secs: 0
    nsecs:         0
  frame_id: ''
drive: 
  steering_angle: 0.340000003576
  steering_angle_velocity: 0.0
  speed: 2.0
  acceleration: 0.0
  jerk: 0.0
header: 
  seq: 65365
  stamp: 
    secs: 0
    nsecs:         0
  frame_id: ''
drive: 
  steering_angle: 0.340000003576
  steering_angle_velocity: 0.0
  speed: 2.0
  acceleration: 0.0
  jerk: 0.0
header: 
  seq: 65366
  stamp: 
    secs: 0
    nsecs:         0
  frame_id: ''
drive: 
  steering_angle: 0.340000003576
  steering_angle_velocity: 0.0
  speed: 2.0
  acceleration: 0.0
  jerk: 0.0
header: 
  seq: 65367
  stamp: 
    secs: 0
    nsecs:         0
  frame_id: ''
drive: 
  steering_angle: 0.340000003576
  steering_angle_velocity: 0.0
  speed: 2.0
  acceleration: 0.0
  jerk: 0.0
header: 
  seq: 65368
  stamp: 
    secs: 0
    nsecs:         0
  frame_id: ''
drive: 
  steering_angle: 0.340000003576
  steering_angle_velocity: 0.0
  speed: 2.0
  acceleration: 0.0
  jerk: 0.0
header: 
  seq: 65369
  stamp: 
    secs: 0
    nsecs:         0
  frame_id: ''
drive: 
  steering_angle: 0.340000003576
  steering_angle_velocity: 0.0
  speed: 2.0
  acceleration: 0.0
  jerk: 0.0
header: 
  seq: 65370
  stamp: 
    secs: 0
    nsecs:         0
  frame_id: ''
drive: 
  steering_angle: 0.340000003576
  steering_angle_velocity: 0.0
  speed: 2.0
  acceleration: 0.0
  jerk: 0.0
header: 
  seq: 65371
  stamp: 
    secs: 0
    nsecs:         0
  frame_id: ''
drive: 
  steering_angle: 0.340000003576
  steering_angle_velocity: 0.0
  speed: 2.0
  acceleration: 0.0
  jerk: 0.0
header: 
  seq: 65372
  stamp: 
    secs: 0
    nsecs:         0
  frame_id: ''
drive: 
  steering_angle: 0.340000003576
  steering_angle_velocity: 0.0
  speed: 2.0
  acceleration: 0.0
  jerk: 0.0
header: 
  seq: 65373
  stamp: 
    secs: 0
    nsecs:         0
  frame_id: ''
drive: 
  steering_angle: 0.340000003576
  steering_angle_velocity: 0.0
  speed: 2.0
  acceleration: 0.0
  jerk: 0.0
header: 
  seq: 65374
  stamp: 
    secs: 0
    nsecs:         0
  frame_id: ''
drive: 
  steering_angle: 0.340000003576
  steering_angle_velocity: 0.0
  speed: 2.0
  acceleration: 0.0
  jerk: 0.0
header: 
  seq: 65375
  stamp: 
    secs: 0
    nsecs:         0
  frame_id: ''
drive: 
  steering_angle: 0.340000003576
  steering_angle_velocity: 0.0
  speed: 2.0
  acceleration: 0.0
  jerk: 0.0
header: 
  seq: 65376
  stamp: 
    secs: 0
    nsecs:         0
  frame_id: ''
drive: 
  steering_angle: 0.340000003576
  steering_angle_velocity: 0.0
  speed: 2.0
  acceleration: 0.0
  jerk: 0.0
header: 
  seq: 65377
  stamp: 
    secs: 0
    nsecs:         0
  frame_id: ''
drive: 
  steering_angle: 0.340000003576
  steering_angle_velocity: 0.0
  speed: 2.0
  acceleration: 0.0
  jerk: 0.0
header: 
  seq: 65378
  stamp: 
    secs: 0
    nsecs:         0
  frame_id: ''
drive: 
  steering_angle: 0.340000003576
  steering_angle_velocity: 0.0
  speed: 1.83236396313
  acceleration: 0.0
  jerk: 0.0
header: 
  seq: 65379
  stamp: 
    secs: 0
    nsecs:         0
  frame_id: ''
drive: 
  steering_angle: 0.340000003576
  steering_angle_velocity: 0.0
  speed: 1.06582534313
  acceleration: 0.0
  jerk: 0.0
header: 
  seq: 65380
  stamp: 
    secs: 0
    nsecs:         0
  frame_id: ''
drive: 
  steering_angle: 0.340000003576
  steering_angle_velocity: 0.0
  speed: 0.251381874084
  acceleration: 0.0
  jerk: 0.0
header: 
  seq: 65381
  stamp: 
    secs: 0
    nsecs:         0
  frame_id: ''
drive: 
  steering_angle: 0.0
  steering_angle_velocity: 0.0
  speed: 0.0
  acceleration: 0.0
  jerk: 0.0
header: 
  seq: 65382
  stamp: 
    secs: 0
    nsecs:         0
  frame_id: ''
drive: 
  steering_angle: 0.0
  steering_angle_velocity: 0.0
  speed: 0.0
  acceleration: 0.0
  jerk: 0.0
header: 
  seq: 65383
  stamp: 
    secs: 0
    nsecs:         0
  frame_id: ''
drive: 
  steering_angle: 0.0
  steering_angle_velocity: 0.0
  speed: 0.0
  acceleration: 0.0
  jerk: 0.0
header: 
  seq: 65384
  stamp: 
    secs: 0
    nsecs:         0
  frame_id: ''
drive: 
  steering_angle: 0.0
  steering_angle_velocity: 0.0
  speed: 0.0
  acceleration: 0.0
  jerk: 0.0
header: 
  seq: 65385
  stamp: 
    secs: 0
    nsecs:         0
  frame_id: ''
drive: 
  steering_angle: 0.0
  steering_angle_velocity: 0.0
  speed: 0.0
  acceleration: 0.0
  jerk: 0.0
header: 
  seq: 65386
  stamp: 
    secs: 0
    nsecs:         0
  frame_id: ''
drive: 
  steering_angle: 0.0
  steering_angle_velocity: 0.0
  speed: 0.0
  acceleration: 0.0
  jerk: 0.0
header: 
  seq: 65387
  stamp: 
    secs: 0
    nsecs:         0
  frame_id: ''
drive: 
  steering_angle: 0.0
  steering_angle_velocity: 0.0
  speed: 0.0
  acceleration: 0.0
  jerk: 0.0
header: 
  seq: 65388
  stamp: 
    secs: 0
    nsecs:         0
  frame_id: ''
drive: 
  steering_angle: 0.0
  steering_angle_velocity: 0.0
  speed: 0.0
  acceleration: 0.0
  jerk: 0.0
header: 
  seq: 65389
  stamp: 
    secs: 0
    nsecs:         0
  frame_id: ''
drive: 
  steering_angle: 0.0
  steering_angle_velocity: 0.0
  speed: 0.0
  acceleration: 0.0
  jerk: 0.0
header: 
  seq: 65390
  stamp: 
    secs: 0
    nsecs:         0
  frame_id: ''
drive: 
  steering_angle: 0.0
  steering_angle_velocity: 0.0
  speed: 0.0
  acceleration: 0.0
  jerk: 0.0
header: 
  seq: 65391
  stamp: 
    secs: 0
    nsecs:         0
  frame_id: ''
drive: 
  steering_angle: 0.0
  steering_angle_velocity: 0.0
  speed: 0.0
  acceleration: 0.0
  jerk: 0.0
header: 
  seq: 65392
  stamp: 
    secs: 0
    nsecs:         0
  frame_id: ''
drive: 
  steering_angle: 0.0
  steering_angle_velocity: 0.0
  speed: 0.0
  acceleration: 0.0
  jerk: 0.0
header: 
  seq: 65393
  stamp: 
    secs: 0
    nsecs:         0
  frame_id: ''
drive: 
  steering_angle: 0.0
  steering_angle_velocity: 0.0
  speed: 0.0
  acceleration: 0.0
  jerk: 0.0
header: 
  seq: 65394
  stamp: 
    secs: 0
    nsecs:         0
  frame_id: ''
drive: 
  steering_angle: 0.0
  steering_angle_velocity: 0.0
  speed: 0.0
  acceleration: 0.0
  jerk: 0.0
header: 
  seq: 65395
  stamp: 
    secs: 0
    nsecs:         0
  frame_id: ''
drive: 
  steering_angle: 0.0
  steering_angle_velocity: 0.0
  speed: 0.0
  acceleration: 0.0
  jerk: 0.0
header: 
  seq: 65396
  stamp: 
    secs: 0
    nsecs:         0
  frame_id: ''
drive: 
  steering_angle: 0.0
  steering_angle_velocity: 0.0
  speed: 0.0
  acceleration: 0.0
  jerk: 0.0
header: 
  seq: 65397
  stamp: 
    secs: 0
    nsecs:         0
  frame_id: ''
drive: 
  steering_angle: 0.0
  steering_angle_velocity: 0.0
  speed: 0.0
  acceleration: 0.0
  jerk: 0.0
header: 
  seq: 65398
  stamp: 
    secs: 0
    nsecs:         0
  frame_id: ''
drive: 
  steering_angle: 0.0
  steering_angle_velocity: 0.0
  speed: 0.0
  acceleration: 0.0
  jerk: 0.0
header: 
  seq: 65399
  stamp: 
    secs: 0
    nsecs:         0
  frame_id: ''
drive: 
  steering_angle: 0.0
  steering_angle_velocity: 0.0
  speed: 0.0
  acceleration: 0.0
  jerk: 0.0
header: 
  seq: 65400
  stamp: 
    secs: 0
    nsecs:         0
  frame_id: ''
drive: 
  steering_angle: 0.0
  steering_angle_velocity: 0.0
  speed: 0.0
  acceleration: 0.0
  jerk: 0.0
header: 
  seq: 65401
  stamp: 
    secs: 0
    nsecs:         0
  frame_id: ''
drive: 
  steering_angle: 0.0
  steering_angle_velocity: 0.0
  speed: 0.0
  acceleration: 0.0
  jerk: 0.0
header: 
  seq: 65402
  stamp: 
    secs: 0
    nsecs:         0
  frame_id: ''
drive: 
  steering_angle: 0.0
  steering_angle_velocity: 0.0
  speed: 0.0
  acceleration: 0.0
  jerk: 0.0
header: 
  seq: 65403
  stamp: 
    secs: 0
    nsecs:         0
  frame_id: ''
drive: 
  steering_angle: 0.0
  steering_angle_velocity: 0.0
  speed: 0.0
  acceleration: 0.0
  jerk: 0.0
header: 
  seq: 65404
  stamp: 
    secs: 0
    nsecs:         0
  frame_id: ''
drive: 
  steering_angle: 0.0
  steering_angle_velocity: 0.0
  speed: 0.0
  acceleration: 0.0
  jerk: 0.0
header: 
  seq: 65405
  stamp: 
    secs: 0
    nsecs:         0
  frame_id: ''
drive: 
  steering_angle: 0.0
  steering_angle_velocity: 0.0
  speed: 0.0
  acceleration: 0.0
  jerk: 0.0
header: 
  seq: 65406
  stamp: 
    secs: 0
    nsecs:         0
  frame_id: ''
drive: 
  steering_angle: 0.0
  steering_angle_velocity: 0.0
  speed: 0.0
  acceleration: 0.0
  jerk: 0.0
header: 
  seq: 65407
  stamp: 
    secs: 0
    nsecs:         0
  frame_id: ''
drive: 
  steering_angle: 0.0
  steering_angle_velocity: 0.0
  speed: 0.0
  acceleration: 0.0
  jerk: 0.0
header: 
  seq: 65408
  stamp: 
    secs: 0
    nsecs:         0
  frame_id: ''
drive: 
  steering_angle: 0.0
  steering_angle_velocity: 0.0
  speed: 0.0
  acceleration: 0.0
  jerk: 0.0
header: 
  seq: 65409
  stamp: 
    secs: 0
    nsecs:         0
  frame_id: ''
drive: 
  steering_angle: 0.0
  steering_angle_velocity: 0.0
  speed: 0.0
  acceleration: 0.0
  jerk: 0.0
... logging to /home/allenc97/.ros/log/376a8e4c-ef2d-11e7-8cd4-00044b8d7179/roslaunch-bane-26347.log
Checking log directory for disk usage. This may take awhile.
Press Ctrl-C to interrupt
Done checking log file disk usage. Usage is <1GB.
]2;/home/allenc97/catkin_ws/src/lab0/launch/BagFollower.launch
[1mstarted roslaunch server http://10.42.0.148:34071/[0m

SUMMARY
========

PARAMETERS
 * /bag_follower/bag_path: /home/allenc97/ca...
 * /bag_follower/follow_backwards: False
 * /rosdistro: kinetic
 * /rosversion: 1.12.12

NODES
  /
    bag_follower (lab0/BagFollower.py)

[1mROS_MASTER_URI=http://10.42.0.1:11311[0m
]2;/home/allenc97/catkin_ws/src/lab0/launch/BagFollower.launch http://10.42.0.1:11311
[1mprocess[bag_follower-1]: started with pid [26356][0m
[1m[bag_follower-1] process has finished cleanly
log file: /home/allenc97/.ros/log/376a8e4c-ef2d-11e7-8cd4-00044b8d7179/bag_follower-1*.log[0m
all processes on machine have died, roslaunch will exit
shutting down processing monitor...
... shutting down processing monitor complete
[1mdone[0m
